ARM GAS  C:\Users\sinow\AppData\Local\Temp\ccsOx8uu.s 			page 1


   1              		.syntax unified
   2              		.cpu cortex-m3
   3              		.fpu softvfp
   4              		.eabi_attribute 20, 1
   5              		.eabi_attribute 21, 1
   6              		.eabi_attribute 23, 3
   7              		.eabi_attribute 24, 1
   8              		.eabi_attribute 25, 1
   9              		.eabi_attribute 26, 1
  10              		.eabi_attribute 30, 1
  11              		.eabi_attribute 34, 1
  12              		.eabi_attribute 18, 4
  13              		.thumb
  14              		.syntax unified
  15              		.file	"cymetadata.c"
  16              		.text
  17              	.Ltext0:
  18              		.cfi_sections	.debug_frame
  19              		.global	cy_metadata
  20              		.global	cy_meta_flashprotect
  21              		.global	cy_meta_wonvl
  22              		.global	cy_meta_custnvl
  23              		.global	cy_meta_configecc
  24              		.section	.cyconfigecc,"a",%progbits
  25              		.align	2
  26              		.type	cy_meta_configecc, %object
  27              		.size	cy_meta_configecc, 1600
  28              	cy_meta_configecc:
  29 0000 03       		.byte	3
  30 0001 52       		.byte	82
  31 0002 00       		.byte	0
  32 0003 40       		.byte	64
  33 0004 09       		.byte	9
  34 0005 64       		.byte	100
  35 0006 00       		.byte	0
  36 0007 40       		.byte	64
  37 0008 02       		.byte	2
  38 0009 65       		.byte	101
  39 000a 00       		.byte	0
  40 000b 40       		.byte	64
  41 000c 53       		.byte	83
  42 000d 00       		.byte	0
  43 000e 01       		.byte	1
  44 000f 40       		.byte	64
  45 0010 2D       		.byte	45
  46 0011 01       		.byte	1
  47 0012 01       		.byte	1
  48 0013 40       		.byte	64
  49 0014 14       		.byte	20
  50 0015 02       		.byte	2
  51 0016 01       		.byte	1
  52 0017 40       		.byte	64
  53 0018 33       		.byte	51
  54 0019 03       		.byte	3
  55 001a 01       		.byte	1
  56 001b 40       		.byte	64
  57 001c 3B       		.byte	59
ARM GAS  C:\Users\sinow\AppData\Local\Temp\ccsOx8uu.s 			page 2


  58 001d 04       		.byte	4
  59 001e 01       		.byte	1
  60 001f 40       		.byte	64
  61 0020 2B       		.byte	43
  62 0021 05       		.byte	5
  63 0022 01       		.byte	1
  64 0023 40       		.byte	64
  65 0024 1D       		.byte	29
  66 0025 06       		.byte	6
  67 0026 01       		.byte	1
  68 0027 40       		.byte	64
  69 0028 15       		.byte	21
  70 0029 07       		.byte	7
  71 002a 01       		.byte	1
  72 002b 40       		.byte	64
  73 002c 03       		.byte	3
  74 002d 09       		.byte	9
  75 002e 01       		.byte	1
  76 002f 40       		.byte	64
  77 0030 04       		.byte	4
  78 0031 0A       		.byte	10
  79 0032 01       		.byte	1
  80 0033 40       		.byte	64
  81 0034 01       		.byte	1
  82 0035 0B       		.byte	11
  83 0036 01       		.byte	1
  84 0037 40       		.byte	64
  85 0038 02       		.byte	2
  86 0039 0D       		.byte	13
  87 003a 01       		.byte	1
  88 003b 40       		.byte	64
  89 003c 3F       		.byte	63
  90 003d 14       		.byte	20
  91 003e 01       		.byte	1
  92 003f 40       		.byte	64
  93 0040 20       		.byte	32
  94 0041 15       		.byte	21
  95 0042 01       		.byte	1
  96 0043 40       		.byte	64
  97 0044 3F       		.byte	63
  98 0045 16       		.byte	22
  99 0046 01       		.byte	1
 100 0047 40       		.byte	64
 101 0048 1C       		.byte	28
 102 0049 17       		.byte	23
 103 004a 01       		.byte	1
 104 004b 40       		.byte	64
 105 004c 01       		.byte	1
 106 004d 1B       		.byte	27
 107 004e 01       		.byte	1
 108 004f 40       		.byte	64
 109 0050 06       		.byte	6
 110 0051 40       		.byte	64
 111 0052 01       		.byte	1
 112 0053 40       		.byte	64
 113 0054 08       		.byte	8
 114 0055 41       		.byte	65
ARM GAS  C:\Users\sinow\AppData\Local\Temp\ccsOx8uu.s 			page 3


 115 0056 01       		.byte	1
 116 0057 40       		.byte	64
 117 0058 06       		.byte	6
 118 0059 42       		.byte	66
 119 005a 01       		.byte	1
 120 005b 40       		.byte	64
 121 005c 08       		.byte	8
 122 005d 43       		.byte	67
 123 005e 01       		.byte	1
 124 005f 40       		.byte	64
 125 0060 02       		.byte	2
 126 0061 44       		.byte	68
 127 0062 01       		.byte	1
 128 0063 40       		.byte	64
 129 0064 06       		.byte	6
 130 0065 45       		.byte	69
 131 0066 01       		.byte	1
 132 0067 40       		.byte	64
 133 0068 07       		.byte	7
 134 0069 46       		.byte	70
 135 006a 01       		.byte	1
 136 006b 40       		.byte	64
 137 006c 0C       		.byte	12
 138 006d 47       		.byte	71
 139 006e 01       		.byte	1
 140 006f 40       		.byte	64
 141 0070 05       		.byte	5
 142 0071 48       		.byte	72
 143 0072 01       		.byte	1
 144 0073 40       		.byte	64
 145 0074 08       		.byte	8
 146 0075 49       		.byte	73
 147 0076 01       		.byte	1
 148 0077 40       		.byte	64
 149 0078 04       		.byte	4
 150 0079 4C       		.byte	76
 151 007a 01       		.byte	1
 152 007b 40       		.byte	64
 153 007c 02       		.byte	2
 154 007d 4D       		.byte	77
 155 007e 01       		.byte	1
 156 007f 40       		.byte	64
 157 0080 05       		.byte	5
 158 0081 50       		.byte	80
 159 0082 01       		.byte	1
 160 0083 40       		.byte	64
 161 0084 01       		.byte	1
 162 0085 51       		.byte	81
 163 0086 01       		.byte	1
 164 0087 40       		.byte	64
 165 0088 00       		.byte	0
 166 0089 08       		.byte	8
 167 008a 01       		.byte	1
 168 008b 28       		.byte	40
 169 008c 2E       		.byte	46
 170 008d 1F       		.byte	31
 171 008e 00       		.byte	0
ARM GAS  C:\Users\sinow\AppData\Local\Temp\ccsOx8uu.s 			page 4


 172 008f FF       		.byte	-1
 173 0090 01       		.byte	1
 174 0091 FF       		.byte	-1
 175 0092 07       		.byte	7
 176 0093 FF       		.byte	-1
 177 0094 10       		.byte	16
 178 0095 FF       		.byte	-1
 179 0096 11       		.byte	17
 180 0097 FF       		.byte	-1
 181 0098 20       		.byte	32
 182 0099 FF       		.byte	-1
 183 009a 21       		.byte	33
 184 009b FF       		.byte	-1
 185 009c 84       		.byte	-124
 186 009d 0D       		.byte	13
 187 009e 87       		.byte	-121
 188 009f 1F       		.byte	31
 189 00a0 85       		.byte	-123
 190 00a1 0D       		.byte	13
 191 00a2 87       		.byte	-121
 192 00a3 0D       		.byte	13
 193 00a4 00       		.byte	0
 194 00a5 11       		.byte	17
 195 00a6 02       		.byte	2
 196 00a7 0A       		.byte	10
 197 00a8 05       		.byte	5
 198 00a9 02       		.byte	2
 199 00aa 06       		.byte	6
 200 00ab 10       		.byte	16
 201 00ac 0E       		.byte	14
 202 00ad 10       		.byte	16
 203 00ae 0F       		.byte	15
 204 00af 03       		.byte	3
 205 00b0 12       		.byte	18
 206 00b1 01       		.byte	1
 207 00b2 18       		.byte	24
 208 00b3 11       		.byte	17
 209 00b4 19       		.byte	25
 210 00b5 01       		.byte	1
 211 00b6 1C       		.byte	28
 212 00b7 19       		.byte	25
 213 00b8 1E       		.byte	30
 214 00b9 04       		.byte	4
 215 00ba 20       		.byte	32
 216 00bb 08       		.byte	8
 217 00bc 22       		.byte	34
 218 00bd 02       		.byte	2
 219 00be 24       		.byte	36
 220 00bf 02       		.byte	2
 221 00c0 26       		.byte	38
 222 00c1 08       		.byte	8
 223 00c2 28       		.byte	40
 224 00c3 11       		.byte	17
 225 00c4 2C       		.byte	44
 226 00c5 10       		.byte	16
 227 00c6 2D       		.byte	45
 228 00c7 03       		.byte	3
ARM GAS  C:\Users\sinow\AppData\Local\Temp\ccsOx8uu.s 			page 5


 229 00c8 2E       		.byte	46
 230 00c9 01       		.byte	1
 231 00ca 30       		.byte	48
 232 00cb 01       		.byte	1
 233 00cc 32       		.byte	50
 234 00cd 08       		.byte	8
 235 00ce 34       		.byte	52
 236 00cf 06       		.byte	6
 237 00d0 36       		.byte	54
 238 00d1 10       		.byte	16
 239 00d2 37       		.byte	55
 240 00d3 03       		.byte	3
 241 00d4 3E       		.byte	62
 242 00d5 14       		.byte	20
 243 00d6 3F       		.byte	63
 244 00d7 40       		.byte	64
 245 00d8 40       		.byte	64
 246 00d9 32       		.byte	50
 247 00da 41       		.byte	65
 248 00db 05       		.byte	5
 249 00dc 45       		.byte	69
 250 00dd 62       		.byte	98
 251 00de 47       		.byte	71
 252 00df 66       		.byte	102
 253 00e0 48       		.byte	72
 254 00e1 33       		.byte	51
 255 00e2 56       		.byte	86
 256 00e3 08       		.byte	8
 257 00e4 58       		.byte	88
 258 00e5 04       		.byte	4
 259 00e6 59       		.byte	89
 260 00e7 04       		.byte	4
 261 00e8 5A       		.byte	90
 262 00e9 04       		.byte	4
 263 00ea 5B       		.byte	91
 264 00eb 0F       		.byte	15
 265 00ec 5C       		.byte	92
 266 00ed 01       		.byte	1
 267 00ee 5D       		.byte	93
 268 00ef 11       		.byte	17
 269 00f0 5F       		.byte	95
 270 00f1 01       		.byte	1
 271 00f2 61       		.byte	97
 272 00f3 0C       		.byte	12
 273 00f4 62       		.byte	98
 274 00f5 F0       		.byte	-16
 275 00f6 63       		.byte	99
 276 00f7 0C       		.byte	12
 277 00f8 65       		.byte	101
 278 00f9 0C       		.byte	12
 279 00fa 67       		.byte	103
 280 00fb 0C       		.byte	12
 281 00fc 68       		.byte	104
 282 00fd 40       		.byte	64
 283 00fe 69       		.byte	105
 284 00ff 4C       		.byte	76
 285 0100 6A       		.byte	106
ARM GAS  C:\Users\sinow\AppData\Local\Temp\ccsOx8uu.s 			page 6


 286 0101 40       		.byte	64
 287 0102 6B       		.byte	107
 288 0103 4C       		.byte	76
 289 0104 6C       		.byte	108
 290 0105 90       		.byte	-112
 291 0106 6D       		.byte	109
 292 0107 58       		.byte	88
 293 0108 6F       		.byte	111
 294 0109 0C       		.byte	12
 295 010a 80       		.byte	-128
 296 010b 3F       		.byte	63
 297 010c 8E       		.byte	-114
 298 010d 3F       		.byte	63
 299 010e 92       		.byte	-110
 300 010f 03       		.byte	3
 301 0110 98       		.byte	-104
 302 0111 15       		.byte	21
 303 0112 9C       		.byte	-100
 304 0113 0F       		.byte	15
 305 0114 9E       		.byte	-98
 306 0115 40       		.byte	64
 307 0116 A0       		.byte	-96
 308 0117 2A       		.byte	42
 309 0118 A6       		.byte	-90
 310 0119 30       		.byte	48
 311 011a B0       		.byte	-80
 312 011b 0C       		.byte	12
 313 011c B2       		.byte	-78
 314 011d 03       		.byte	3
 315 011e B4       		.byte	-76
 316 011f 70       		.byte	112
 317 0120 BE       		.byte	-66
 318 0121 15       		.byte	21
 319 0122 C0       		.byte	-64
 320 0123 32       		.byte	50
 321 0124 C1       		.byte	-63
 322 0125 04       		.byte	4
 323 0126 C6       		.byte	-58
 324 0127 62       		.byte	98
 325 0128 C8       		.byte	-56
 326 0129 0C       		.byte	12
 327 012a D8       		.byte	-40
 328 012b 04       		.byte	4
 329 012c DA       		.byte	-38
 330 012d 04       		.byte	4
 331 012e DD       		.byte	-35
 332 012f 01       		.byte	1
 333 0130 DF       		.byte	-33
 334 0131 01       		.byte	1
 335 0132 E1       		.byte	-31
 336 0133 0C       		.byte	12
 337 0134 E2       		.byte	-30
 338 0135 F0       		.byte	-16
 339 0136 E3       		.byte	-29
 340 0137 0C       		.byte	12
 341 0138 E5       		.byte	-27
 342 0139 0C       		.byte	12
ARM GAS  C:\Users\sinow\AppData\Local\Temp\ccsOx8uu.s 			page 7


 343 013a E7       		.byte	-25
 344 013b 0C       		.byte	12
 345 013c E8       		.byte	-24
 346 013d 40       		.byte	64
 347 013e E9       		.byte	-23
 348 013f 4C       		.byte	76
 349 0140 EA       		.byte	-22
 350 0141 40       		.byte	64
 351 0142 EB       		.byte	-21
 352 0143 4C       		.byte	76
 353 0144 EC       		.byte	-20
 354 0145 90       		.byte	-112
 355 0146 ED       		.byte	-19
 356 0147 58       		.byte	88
 357 0148 EF       		.byte	-17
 358 0149 0C       		.byte	12
 359 014a 00       		.byte	0
 360 014b 40       		.byte	64
 361 014c 01       		.byte	1
 362 014d 06       		.byte	6
 363 014e 04       		.byte	4
 364 014f 80       		.byte	-128
 365 0150 06       		.byte	6
 366 0151 40       		.byte	64
 367 0152 08       		.byte	8
 368 0153 11       		.byte	17
 369 0154 0A       		.byte	10
 370 0155 41       		.byte	65
 371 0156 0C       		.byte	12
 372 0157 20       		.byte	32
 373 0158 0E       		.byte	14
 374 0159 01       		.byte	1
 375 015a 0F       		.byte	15
 376 015b 80       		.byte	-128
 377 015c 10       		.byte	16
 378 015d A0       		.byte	-96
 379 015e 12       		.byte	18
 380 015f 0A       		.byte	10
 381 0160 15       		.byte	21
 382 0161 02       		.byte	2
 383 0162 16       		.byte	22
 384 0163 20       		.byte	32
 385 0164 18       		.byte	24
 386 0165 94       		.byte	-108
 387 0166 19       		.byte	25
 388 0167 82       		.byte	-126
 389 0168 1A       		.byte	26
 390 0169 01       		.byte	1
 391 016a 1B       		.byte	27
 392 016b 80       		.byte	-128
 393 016c 1D       		.byte	29
 394 016d 2A       		.byte	42
 395 016e 20       		.byte	32
 396 016f 02       		.byte	2
 397 0170 29       		.byte	41
 398 0171 80       		.byte	-128
 399 0172 30       		.byte	48
ARM GAS  C:\Users\sinow\AppData\Local\Temp\ccsOx8uu.s 			page 8


 400 0173 20       		.byte	32
 401 0174 38       		.byte	56
 402 0175 88       		.byte	-120
 403 0176 40       		.byte	64
 404 0177 14       		.byte	20
 405 0178 45       		.byte	69
 406 0179 2A       		.byte	42
 407 017a 48       		.byte	72
 408 017b A1       		.byte	-95
 409 017c 50       		.byte	80
 410 017d 04       		.byte	4
 411 017e 51       		.byte	81
 412 017f 01       		.byte	1
 413 0180 56       		.byte	86
 414 0181 20       		.byte	32
 415 0182 57       		.byte	87
 416 0183 40       		.byte	64
 417 0184 5B       		.byte	91
 418 0185 80       		.byte	-128
 419 0186 62       		.byte	98
 420 0187 40       		.byte	64
 421 0188 78       		.byte	120
 422 0189 01       		.byte	1
 423 018a 85       		.byte	-123
 424 018b 12       		.byte	18
 425 018c 86       		.byte	-122
 426 018d 08       		.byte	8
 427 018e C0       		.byte	-64
 428 018f 9D       		.byte	-99
 429 0190 C2       		.byte	-62
 430 0191 DB       		.byte	-37
 431 0192 C4       		.byte	-60
 432 0193 3F       		.byte	63
 433 0194 CA       		.byte	-54
 434 0195 08       		.byte	8
 435 0196 CC       		.byte	-52
 436 0197 04       		.byte	4
 437 0198 CE       		.byte	-50
 438 0199 0A       		.byte	10
 439 019a D0       		.byte	-48
 440 019b E6       		.byte	-26
 441 019c D2       		.byte	-46
 442 019d 08       		.byte	8
 443 019e D6       		.byte	-42
 444 019f 08       		.byte	8
 445 01a0 D8       		.byte	-40
 446 01a1 08       		.byte	8
 447 01a2 DE       		.byte	-34
 448 01a3 01       		.byte	1
 449 01a4 40       		.byte	64
 450 01a5 60       		.byte	96
 451 01a6 41       		.byte	65
 452 01a7 02       		.byte	2
 453 01a8 49       		.byte	73
 454 01a9 FF       		.byte	-1
 455 01aa 4A       		.byte	74
 456 01ab FF       		.byte	-1
ARM GAS  C:\Users\sinow\AppData\Local\Temp\ccsOx8uu.s 			page 9


 457 01ac 4B       		.byte	75
 458 01ad FF       		.byte	-1
 459 01ae 4D       		.byte	77
 460 01af A0       		.byte	-96
 461 01b0 4F       		.byte	79
 462 01b1 04       		.byte	4
 463 01b2 50       		.byte	80
 464 01b3 18       		.byte	24
 465 01b4 5A       		.byte	90
 466 01b5 04       		.byte	4
 467 01b6 5D       		.byte	93
 468 01b7 02       		.byte	2
 469 01b8 5F       		.byte	95
 470 01b9 01       		.byte	1
 471 01ba 60       		.byte	96
 472 01bb 40       		.byte	64
 473 01bc 62       		.byte	98
 474 01bd C0       		.byte	-64
 475 01be 64       		.byte	100
 476 01bf 40       		.byte	64
 477 01c0 65       		.byte	101
 478 01c1 40       		.byte	64
 479 01c2 66       		.byte	102
 480 01c3 C0       		.byte	-64
 481 01c4 68       		.byte	104
 482 01c5 C0       		.byte	-64
 483 01c6 6A       		.byte	106
 484 01c7 C0       		.byte	-64
 485 01c8 6C       		.byte	108
 486 01c9 C0       		.byte	-64
 487 01ca 6E       		.byte	110
 488 01cb C0       		.byte	-64
 489 01cc 00       		.byte	0
 490 01cd 40       		.byte	64
 491 01ce 09       		.byte	9
 492 01cf 20       		.byte	32
 493 01d0 0A       		.byte	10
 494 01d1 D2       		.byte	-46
 495 01d2 10       		.byte	16
 496 01d3 08       		.byte	8
 497 01d4 12       		.byte	18
 498 01d5 10       		.byte	16
 499 01d6 13       		.byte	19
 500 01d7 02       		.byte	2
 501 01d8 18       		.byte	24
 502 01d9 40       		.byte	64
 503 01da 19       		.byte	25
 504 01db 50       		.byte	80
 505 01dc 1A       		.byte	26
 506 01dd 1A       		.byte	26
 507 01de 21       		.byte	33
 508 01df 20       		.byte	32
 509 01e0 22       		.byte	34
 510 01e1 0A       		.byte	10
 511 01e2 29       		.byte	41
 512 01e3 40       		.byte	64
 513 01e4 2A       		.byte	42
ARM GAS  C:\Users\sinow\AppData\Local\Temp\ccsOx8uu.s 			page 10


 514 01e5 10       		.byte	16
 515 01e6 2B       		.byte	43
 516 01e7 88       		.byte	-120
 517 01e8 2E       		.byte	46
 518 01e9 30       		.byte	48
 519 01ea 30       		.byte	48
 520 01eb 20       		.byte	32
 521 01ec 32       		.byte	50
 522 01ed 4A       		.byte	74
 523 01ee 38       		.byte	56
 524 01ef 40       		.byte	64
 525 01f0 39       		.byte	57
 526 01f1 16       		.byte	22
 527 01f2 41       		.byte	65
 528 01f3 04       		.byte	4
 529 01f4 46       		.byte	70
 530 01f5 04       		.byte	4
 531 01f6 49       		.byte	73
 532 01f7 02       		.byte	2
 533 01f8 4B       		.byte	75
 534 01f9 10       		.byte	16
 535 01fa 4C       		.byte	76
 536 01fb 04       		.byte	4
 537 01fc 4F       		.byte	79
 538 01fd 10       		.byte	16
 539 01fe 50       		.byte	80
 540 01ff 80       		.byte	-128
 541 0200 51       		.byte	81
 542 0201 04       		.byte	4
 543 0202 52       		.byte	82
 544 0203 04       		.byte	4
 545 0204 68       		.byte	104
 546 0205 08       		.byte	8
 547 0206 69       		.byte	105
 548 0207 04       		.byte	4
 549 0208 6B       		.byte	107
 550 0209 02       		.byte	2
 551 020a 72       		.byte	114
 552 020b 02       		.byte	2
 553 020c 8F       		.byte	-113
 554 020d 80       		.byte	-128
 555 020e 91       		.byte	-111
 556 020f 12       		.byte	18
 557 0210 94       		.byte	-108
 558 0211 40       		.byte	64
 559 0212 95       		.byte	-107
 560 0213 04       		.byte	4
 561 0214 96       		.byte	-106
 562 0215 40       		.byte	64
 563 0216 9C       		.byte	-100
 564 0217 10       		.byte	16
 565 0218 9F       		.byte	-97
 566 0219 80       		.byte	-128
 567 021a A0       		.byte	-96
 568 021b 20       		.byte	32
 569 021c A3       		.byte	-93
 570 021d 80       		.byte	-128
ARM GAS  C:\Users\sinow\AppData\Local\Temp\ccsOx8uu.s 			page 11


 571 021e A6       		.byte	-90
 572 021f 0A       		.byte	10
 573 0220 B2       		.byte	-78
 574 0221 40       		.byte	64
 575 0222 C0       		.byte	-64
 576 0223 01       		.byte	1
 577 0224 C2       		.byte	-62
 578 0225 07       		.byte	7
 579 0226 C4       		.byte	-60
 580 0227 0E       		.byte	14
 581 0228 CA       		.byte	-54
 582 0229 0D       		.byte	13
 583 022a CC       		.byte	-52
 584 022b 0F       		.byte	15
 585 022c CE       		.byte	-50
 586 022d 0F       		.byte	15
 587 022e D0       		.byte	-48
 588 022f 22       		.byte	34
 589 0230 D2       		.byte	-46
 590 0231 24       		.byte	36
 591 0232 06       		.byte	6
 592 0233 06       		.byte	6
 593 0234 0B       		.byte	11
 594 0235 04       		.byte	4
 595 0236 12       		.byte	18
 596 0237 01       		.byte	1
 597 0238 1F       		.byte	31
 598 0239 01       		.byte	1
 599 023a 21       		.byte	33
 600 023b 02       		.byte	2
 601 023c 22       		.byte	34
 602 023d 0C       		.byte	12
 603 023e 23       		.byte	35
 604 023f 04       		.byte	4
 605 0240 2A       		.byte	42
 606 0241 02       		.byte	2
 607 0242 2B       		.byte	43
 608 0243 02       		.byte	2
 609 0244 2D       		.byte	45
 610 0245 01       		.byte	1
 611 0246 30       		.byte	48
 612 0247 02       		.byte	2
 613 0248 31       		.byte	49
 614 0249 06       		.byte	6
 615 024a 32       		.byte	50
 616 024b 04       		.byte	4
 617 024c 34       		.byte	52
 618 024d 01       		.byte	1
 619 024e 36       		.byte	54
 620 024f 08       		.byte	8
 621 0250 37       		.byte	55
 622 0251 01       		.byte	1
 623 0252 3E       		.byte	62
 624 0253 01       		.byte	1
 625 0254 3F       		.byte	63
 626 0255 01       		.byte	1
 627 0256 40       		.byte	64
ARM GAS  C:\Users\sinow\AppData\Local\Temp\ccsOx8uu.s 			page 12


 628 0257 06       		.byte	6
 629 0258 41       		.byte	65
 630 0259 03       		.byte	3
 631 025a 49       		.byte	73
 632 025b FF       		.byte	-1
 633 025c 4A       		.byte	74
 634 025d FF       		.byte	-1
 635 025e 4B       		.byte	75
 636 025f FF       		.byte	-1
 637 0260 4C       		.byte	76
 638 0261 02       		.byte	2
 639 0262 4D       		.byte	77
 640 0263 0C       		.byte	12
 641 0264 4E       		.byte	78
 642 0265 F8       		.byte	-8
 643 0266 52       		.byte	82
 644 0267 80       		.byte	-128
 645 0268 54       		.byte	84
 646 0269 05       		.byte	5
 647 026a 58       		.byte	88
 648 026b 04       		.byte	4
 649 026c 59       		.byte	89
 650 026d 04       		.byte	4
 651 026e 5A       		.byte	90
 652 026f 04       		.byte	4
 653 0270 5B       		.byte	91
 654 0271 04       		.byte	4
 655 0272 5C       		.byte	92
 656 0273 22       		.byte	34
 657 0274 5D       		.byte	93
 658 0275 21       		.byte	33
 659 0276 5F       		.byte	95
 660 0277 01       		.byte	1
 661 0278 62       		.byte	98
 662 0279 48       		.byte	72
 663 027a 63       		.byte	99
 664 027b A1       		.byte	-95
 665 027c 68       		.byte	104
 666 027d F0       		.byte	-16
 667 027e 6A       		.byte	106
 668 027f F0       		.byte	-16
 669 0280 6C       		.byte	108
 670 0281 F0       		.byte	-16
 671 0282 6E       		.byte	110
 672 0283 F0       		.byte	-16
 673 0284 C0       		.byte	-64
 674 0285 06       		.byte	6
 675 0286 C1       		.byte	-63
 676 0287 03       		.byte	3
 677 0288 C6       		.byte	-58
 678 0289 A0       		.byte	-96
 679 028a C9       		.byte	-55
 680 028b FF       		.byte	-1
 681 028c CA       		.byte	-54
 682 028d FF       		.byte	-1
 683 028e CB       		.byte	-53
 684 028f FF       		.byte	-1
ARM GAS  C:\Users\sinow\AppData\Local\Temp\ccsOx8uu.s 			page 13


 685 0290 CC       		.byte	-52
 686 0291 03       		.byte	3
 687 0292 CD       		.byte	-51
 688 0293 0C       		.byte	12
 689 0294 CE       		.byte	-50
 690 0295 F4       		.byte	-12
 691 0296 DA       		.byte	-38
 692 0297 04       		.byte	4
 693 0298 DD       		.byte	-35
 694 0299 01       		.byte	1
 695 029a DF       		.byte	-33
 696 029b 01       		.byte	1
 697 029c E2       		.byte	-30
 698 029d 48       		.byte	72
 699 029e E3       		.byte	-29
 700 029f A1       		.byte	-95
 701 02a0 E8       		.byte	-24
 702 02a1 F0       		.byte	-16
 703 02a2 EA       		.byte	-22
 704 02a3 F0       		.byte	-16
 705 02a4 EC       		.byte	-20
 706 02a5 F0       		.byte	-16
 707 02a6 EE       		.byte	-18
 708 02a7 F0       		.byte	-16
 709 02a8 00       		.byte	0
 710 02a9 04       		.byte	4
 711 02aa 09       		.byte	9
 712 02ab 02       		.byte	2
 713 02ac 10       		.byte	16
 714 02ad 80       		.byte	-128
 715 02ae 12       		.byte	18
 716 02af 04       		.byte	4
 717 02b0 18       		.byte	24
 718 02b1 6C       		.byte	108
 719 02b2 19       		.byte	25
 720 02b3 40       		.byte	64
 721 02b4 21       		.byte	33
 722 02b5 01       		.byte	1
 723 02b6 22       		.byte	34
 724 02b7 40       		.byte	64
 725 02b8 29       		.byte	41
 726 02b9 40       		.byte	64
 727 02ba 2A       		.byte	42
 728 02bb 02       		.byte	2
 729 02bc 2B       		.byte	43
 730 02bd 08       		.byte	8
 731 02be 30       		.byte	48
 732 02bf 80       		.byte	-128
 733 02c0 3A       		.byte	58
 734 02c1 10       		.byte	16
 735 02c2 42       		.byte	66
 736 02c3 10       		.byte	16
 737 02c4 46       		.byte	70
 738 02c5 20       		.byte	32
 739 02c6 49       		.byte	73
 740 02c7 10       		.byte	16
 741 02c8 4E       		.byte	78
ARM GAS  C:\Users\sinow\AppData\Local\Temp\ccsOx8uu.s 			page 14


 742 02c9 04       		.byte	4
 743 02ca 56       		.byte	86
 744 02cb 10       		.byte	16
 745 02cc 58       		.byte	88
 746 02cd 08       		.byte	8
 747 02ce 59       		.byte	89
 748 02cf 02       		.byte	2
 749 02d0 5A       		.byte	90
 750 02d1 80       		.byte	-128
 751 02d2 71       		.byte	113
 752 02d3 02       		.byte	2
 753 02d4 80       		.byte	-128
 754 02d5 48       		.byte	72
 755 02d6 8C       		.byte	-116
 756 02d7 10       		.byte	16
 757 02d8 92       		.byte	-110
 758 02d9 18       		.byte	24
 759 02da 94       		.byte	-108
 760 02db 08       		.byte	8
 761 02dc 96       		.byte	-106
 762 02dd 40       		.byte	64
 763 02de 99       		.byte	-103
 764 02df 12       		.byte	18
 765 02e0 9A       		.byte	-102
 766 02e1 26       		.byte	38
 767 02e2 A0       		.byte	-96
 768 02e3 80       		.byte	-128
 769 02e4 A7       		.byte	-89
 770 02e5 08       		.byte	8
 771 02e6 AC       		.byte	-84
 772 02e7 10       		.byte	16
 773 02e8 AE       		.byte	-82
 774 02e9 01       		.byte	1
 775 02ea C0       		.byte	-64
 776 02eb 04       		.byte	4
 777 02ec C2       		.byte	-62
 778 02ed 08       		.byte	8
 779 02ee C4       		.byte	-60
 780 02ef 0A       		.byte	10
 781 02f0 CA       		.byte	-54
 782 02f1 0D       		.byte	13
 783 02f2 CC       		.byte	-52
 784 02f3 08       		.byte	8
 785 02f4 CE       		.byte	-50
 786 02f5 04       		.byte	4
 787 02f6 D0       		.byte	-48
 788 02f7 42       		.byte	66
 789 02f8 D2       		.byte	-46
 790 02f9 24       		.byte	36
 791 02fa D6       		.byte	-42
 792 02fb 0B       		.byte	11
 793 02fc E6       		.byte	-26
 794 02fd 40       		.byte	64
 795 02fe 94       		.byte	-108
 796 02ff 01       		.byte	1
 797 0300 A4       		.byte	-92
 798 0301 01       		.byte	1
ARM GAS  C:\Users\sinow\AppData\Local\Temp\ccsOx8uu.s 			page 15


 799 0302 B2       		.byte	-78
 800 0303 01       		.byte	1
 801 0304 B8       		.byte	-72
 802 0305 08       		.byte	8
 803 0306 C0       		.byte	-64
 804 0307 63       		.byte	99
 805 0308 C5       		.byte	-59
 806 0309 04       		.byte	4
 807 030a C6       		.byte	-58
 808 030b 50       		.byte	80
 809 030c C7       		.byte	-57
 810 030d 02       		.byte	2
 811 030e C8       		.byte	-56
 812 030f 19       		.byte	25
 813 0310 C9       		.byte	-55
 814 0311 FF       		.byte	-1
 815 0312 CA       		.byte	-54
 816 0313 FF       		.byte	-1
 817 0314 CB       		.byte	-53
 818 0315 FF       		.byte	-1
 819 0316 CC       		.byte	-52
 820 0317 02       		.byte	2
 821 0318 CD       		.byte	-51
 822 0319 20       		.byte	32
 823 031a CF       		.byte	-49
 824 031b 05       		.byte	5
 825 031c D1       		.byte	-47
 826 031d 10       		.byte	16
 827 031e D6       		.byte	-42
 828 031f 02       		.byte	2
 829 0320 D8       		.byte	-40
 830 0321 04       		.byte	4
 831 0322 DA       		.byte	-38
 832 0323 04       		.byte	4
 833 0324 DB       		.byte	-37
 834 0325 04       		.byte	4
 835 0326 DC       		.byte	-36
 836 0327 01       		.byte	1
 837 0328 DD       		.byte	-35
 838 0329 11       		.byte	17
 839 032a DE       		.byte	-34
 840 032b 08       		.byte	8
 841 032c DF       		.byte	-33
 842 032d 01       		.byte	1
 843 032e E0       		.byte	-32
 844 032f 40       		.byte	64
 845 0330 E1       		.byte	-31
 846 0331 40       		.byte	64
 847 0332 E2       		.byte	-30
 848 0333 80       		.byte	-128
 849 0334 E4       		.byte	-28
 850 0335 80       		.byte	-128
 851 0336 E6       		.byte	-26
 852 0337 80       		.byte	-128
 853 0338 0B       		.byte	11
 854 0339 20       		.byte	32
 855 033a 10       		.byte	16
ARM GAS  C:\Users\sinow\AppData\Local\Temp\ccsOx8uu.s 			page 16


 856 033b 20       		.byte	32
 857 033c 1B       		.byte	27
 858 033d 08       		.byte	8
 859 033e 40       		.byte	64
 860 033f 20       		.byte	32
 861 0340 42       		.byte	66
 862 0341 10       		.byte	16
 863 0342 48       		.byte	72
 864 0343 28       		.byte	40
 865 0344 50       		.byte	80
 866 0345 08       		.byte	8
 867 0346 53       		.byte	83
 868 0347 10       		.byte	16
 869 0348 72       		.byte	114
 870 0349 40       		.byte	64
 871 034a 78       		.byte	120
 872 034b 20       		.byte	32
 873 034c 92       		.byte	-110
 874 034d 10       		.byte	16
 875 034e 96       		.byte	-106
 876 034f 40       		.byte	64
 877 0350 A7       		.byte	-89
 878 0351 08       		.byte	8
 879 0352 AD       		.byte	-83
 880 0353 01       		.byte	1
 881 0354 C2       		.byte	-62
 882 0355 04       		.byte	4
 883 0356 C4       		.byte	-60
 884 0357 04       		.byte	4
 885 0358 D0       		.byte	-48
 886 0359 02       		.byte	2
 887 035a D2       		.byte	-46
 888 035b 04       		.byte	4
 889 035c DE       		.byte	-34
 890 035d 04       		.byte	4
 891 035e E2       		.byte	-30
 892 035f 40       		.byte	64
 893 0360 EE       		.byte	-18
 894 0361 01       		.byte	1
 895 0362 B4       		.byte	-76
 896 0363 01       		.byte	1
 897 0364 E2       		.byte	-30
 898 0365 40       		.byte	64
 899 0366 EE       		.byte	-18
 900 0367 01       		.byte	1
 901 0368 38       		.byte	56
 902 0369 80       		.byte	-128
 903 036a 3E       		.byte	62
 904 036b 40       		.byte	64
 905 036c 58       		.byte	88
 906 036d 04       		.byte	4
 907 036e 5F       		.byte	95
 908 036f 01       		.byte	1
 909 0370 18       		.byte	24
 910 0371 02       		.byte	2
 911 0372 E6       		.byte	-26
 912 0373 10       		.byte	16
ARM GAS  C:\Users\sinow\AppData\Local\Temp\ccsOx8uu.s 			page 17


 913 0374 EC       		.byte	-20
 914 0375 80       		.byte	-128
 915 0376 40       		.byte	64
 916 0377 30       		.byte	48
 917 0378 41       		.byte	65
 918 0379 02       		.byte	2
 919 037a 49       		.byte	73
 920 037b FF       		.byte	-1
 921 037c 4A       		.byte	74
 922 037d FF       		.byte	-1
 923 037e 4B       		.byte	75
 924 037f FF       		.byte	-1
 925 0380 4D       		.byte	77
 926 0381 A0       		.byte	-96
 927 0382 4F       		.byte	79
 928 0383 04       		.byte	4
 929 0384 50       		.byte	80
 930 0385 18       		.byte	24
 931 0386 5A       		.byte	90
 932 0387 04       		.byte	4
 933 0388 5D       		.byte	93
 934 0389 02       		.byte	2
 935 038a 5F       		.byte	95
 936 038b 01       		.byte	1
 937 038c 60       		.byte	96
 938 038d 40       		.byte	64
 939 038e 62       		.byte	98
 940 038f C0       		.byte	-64
 941 0390 64       		.byte	100
 942 0391 40       		.byte	64
 943 0392 65       		.byte	101
 944 0393 40       		.byte	64
 945 0394 66       		.byte	102
 946 0395 C0       		.byte	-64
 947 0396 68       		.byte	104
 948 0397 C0       		.byte	-64
 949 0398 6A       		.byte	106
 950 0399 C0       		.byte	-64
 951 039a 6C       		.byte	108
 952 039b C0       		.byte	-64
 953 039c 6E       		.byte	110
 954 039d C0       		.byte	-64
 955 039e 83       		.byte	-125
 956 039f 01       		.byte	1
 957 03a0 8A       		.byte	-118
 958 03a1 06       		.byte	6
 959 03a2 9E       		.byte	-98
 960 03a3 0C       		.byte	12
 961 03a4 A6       		.byte	-90
 962 03a5 02       		.byte	2
 963 03a6 AD       		.byte	-83
 964 03a7 01       		.byte	1
 965 03a8 AE       		.byte	-82
 966 03a9 01       		.byte	1
 967 03aa B0       		.byte	-80
 968 03ab 08       		.byte	8
 969 03ac B2       		.byte	-78
ARM GAS  C:\Users\sinow\AppData\Local\Temp\ccsOx8uu.s 			page 18


 970 03ad 01       		.byte	1
 971 03ae B4       		.byte	-76
 972 03af 02       		.byte	2
 973 03b0 B6       		.byte	-74
 974 03b1 04       		.byte	4
 975 03b2 B7       		.byte	-73
 976 03b3 01       		.byte	1
 977 03b4 BE       		.byte	-66
 978 03b5 10       		.byte	16
 979 03b6 C0       		.byte	-64
 980 03b7 30       		.byte	48
 981 03b8 C1       		.byte	-63
 982 03b9 02       		.byte	2
 983 03ba C5       		.byte	-59
 984 03bb D0       		.byte	-48
 985 03bc C6       		.byte	-58
 986 03bd 20       		.byte	32
 987 03be C7       		.byte	-57
 988 03bf 10       		.byte	16
 989 03c0 C8       		.byte	-56
 990 03c1 2A       		.byte	42
 991 03c2 C9       		.byte	-55
 992 03c3 FF       		.byte	-1
 993 03c4 CA       		.byte	-54
 994 03c5 FF       		.byte	-1
 995 03c6 CB       		.byte	-53
 996 03c7 FF       		.byte	-1
 997 03c8 CD       		.byte	-51
 998 03c9 AF       		.byte	-81
 999 03ca CE       		.byte	-50
 1000 03cb 0F       		.byte	15
 1001 03cc CF       		.byte	-49
 1002 03cd 04       		.byte	4
 1003 03ce D0       		.byte	-48
 1004 03cf 18       		.byte	24
 1005 03d0 D2       		.byte	-46
 1006 03d1 80       		.byte	-128
 1007 03d2 D4       		.byte	-44
 1008 03d3 05       		.byte	5
 1009 03d4 D8       		.byte	-40
 1010 03d5 04       		.byte	4
 1011 03d6 D9       		.byte	-39
 1012 03d7 04       		.byte	4
 1013 03d8 DA       		.byte	-38
 1014 03d9 04       		.byte	4
 1015 03da DB       		.byte	-37
 1016 03db 04       		.byte	4
 1017 03dc DC       		.byte	-36
 1018 03dd 22       		.byte	34
 1019 03de DD       		.byte	-35
 1020 03df 22       		.byte	34
 1021 03e0 DF       		.byte	-33
 1022 03e1 01       		.byte	1
 1023 03e2 E0       		.byte	-32
 1024 03e3 40       		.byte	64
 1025 03e4 E2       		.byte	-30
 1026 03e5 C0       		.byte	-64
ARM GAS  C:\Users\sinow\AppData\Local\Temp\ccsOx8uu.s 			page 19


 1027 03e6 E4       		.byte	-28
 1028 03e7 40       		.byte	64
 1029 03e8 E5       		.byte	-27
 1030 03e9 40       		.byte	64
 1031 03ea E6       		.byte	-26
 1032 03eb C0       		.byte	-64
 1033 03ec E8       		.byte	-24
 1034 03ed C0       		.byte	-64
 1035 03ee EA       		.byte	-22
 1036 03ef C0       		.byte	-64
 1037 03f0 EC       		.byte	-20
 1038 03f1 C0       		.byte	-64
 1039 03f2 EE       		.byte	-18
 1040 03f3 C0       		.byte	-64
 1041 03f4 04       		.byte	4
 1042 03f5 10       		.byte	16
 1043 03f6 0F       		.byte	15
 1044 03f7 02       		.byte	2
 1045 03f8 16       		.byte	22
 1046 03f9 20       		.byte	32
 1047 03fa 17       		.byte	23
 1048 03fb 40       		.byte	64
 1049 03fc 1C       		.byte	28
 1050 03fd 10       		.byte	16
 1051 03fe 1D       		.byte	29
 1052 03ff 88       		.byte	-120
 1053 0400 1E       		.byte	30
 1054 0401 08       		.byte	8
 1055 0402 1F       		.byte	31
 1056 0403 01       		.byte	1
 1057 0404 26       		.byte	38
 1058 0405 40       		.byte	64
 1059 0406 2F       		.byte	47
 1060 0407 01       		.byte	1
 1061 0408 3F       		.byte	63
 1062 0409 02       		.byte	2
 1063 040a 40       		.byte	64
 1064 040b 10       		.byte	16
 1065 040c 41       		.byte	65
 1066 040d 20       		.byte	32
 1067 040e 45       		.byte	69
 1068 040f 28       		.byte	40
 1069 0410 4F       		.byte	79
 1070 0411 01       		.byte	1
 1071 0412 55       		.byte	85
 1072 0413 20       		.byte	32
 1073 0414 56       		.byte	86
 1074 0415 20       		.byte	32
 1075 0416 57       		.byte	87
 1076 0417 01       		.byte	1
 1077 0418 5E       		.byte	94
 1078 0419 88       		.byte	-120
 1079 041a 5F       		.byte	95
 1080 041b 01       		.byte	1
 1081 041c 77       		.byte	119
 1082 041d 40       		.byte	64
 1083 041e 8D       		.byte	-115
ARM GAS  C:\Users\sinow\AppData\Local\Temp\ccsOx8uu.s 			page 20


 1084 041f 80       		.byte	-128
 1085 0420 AD       		.byte	-83
 1086 0421 04       		.byte	4
 1087 0422 C0       		.byte	-64
 1088 0423 40       		.byte	64
 1089 0424 C2       		.byte	-62
 1090 0425 80       		.byte	-128
 1091 0426 C4       		.byte	-60
 1092 0427 A0       		.byte	-96
 1093 0428 CA       		.byte	-54
 1094 0429 10       		.byte	16
 1095 042a CE       		.byte	-50
 1096 042b 80       		.byte	-128
 1097 042c D0       		.byte	-48
 1098 042d 66       		.byte	102
 1099 042e D6       		.byte	-42
 1100 042f D0       		.byte	-48
 1101 0430 E2       		.byte	-30
 1102 0431 10       		.byte	16
 1103 0432 EC       		.byte	-20
 1104 0433 10       		.byte	16
 1105 0434 40       		.byte	64
 1106 0435 50       		.byte	80
 1107 0436 41       		.byte	65
 1108 0437 02       		.byte	2
 1109 0438 49       		.byte	73
 1110 0439 FF       		.byte	-1
 1111 043a 4A       		.byte	74
 1112 043b FF       		.byte	-1
 1113 043c 4B       		.byte	75
 1114 043d FF       		.byte	-1
 1115 043e 4D       		.byte	77
 1116 043f A0       		.byte	-96
 1117 0440 4F       		.byte	79
 1118 0441 04       		.byte	4
 1119 0442 50       		.byte	80
 1120 0443 18       		.byte	24
 1121 0444 5A       		.byte	90
 1122 0445 04       		.byte	4
 1123 0446 5D       		.byte	93
 1124 0447 02       		.byte	2
 1125 0448 5F       		.byte	95
 1126 0449 01       		.byte	1
 1127 044a 60       		.byte	96
 1128 044b 40       		.byte	64
 1129 044c 62       		.byte	98
 1130 044d C0       		.byte	-64
 1131 044e 64       		.byte	100
 1132 044f 40       		.byte	64
 1133 0450 65       		.byte	101
 1134 0451 40       		.byte	64
 1135 0452 66       		.byte	102
 1136 0453 C0       		.byte	-64
 1137 0454 68       		.byte	104
 1138 0455 C0       		.byte	-64
 1139 0456 6A       		.byte	106
 1140 0457 C0       		.byte	-64
ARM GAS  C:\Users\sinow\AppData\Local\Temp\ccsOx8uu.s 			page 21


 1141 0458 6C       		.byte	108
 1142 0459 C0       		.byte	-64
 1143 045a 6E       		.byte	110
 1144 045b C0       		.byte	-64
 1145 045c 92       		.byte	-110
 1146 045d 01       		.byte	1
 1147 045e 9B       		.byte	-101
 1148 045f 03       		.byte	3
 1149 0460 9E       		.byte	-98
 1150 0461 02       		.byte	2
 1151 0462 A1       		.byte	-95
 1152 0463 01       		.byte	1
 1153 0464 A6       		.byte	-90
 1154 0465 04       		.byte	4
 1155 0466 AA       		.byte	-86
 1156 0467 02       		.byte	2
 1157 0468 AF       		.byte	-81
 1158 0469 02       		.byte	2
 1159 046a B0       		.byte	-80
 1160 046b 04       		.byte	4
 1161 046c B3       		.byte	-77
 1162 046d 02       		.byte	2
 1163 046e B4       		.byte	-76
 1164 046f 02       		.byte	2
 1165 0470 B6       		.byte	-74
 1166 0471 01       		.byte	1
 1167 0472 B7       		.byte	-73
 1168 0473 01       		.byte	1
 1169 0474 BE       		.byte	-66
 1170 0475 10       		.byte	16
 1171 0476 C0       		.byte	-64
 1172 0477 10       		.byte	16
 1173 0478 C1       		.byte	-63
 1174 0479 06       		.byte	6
 1175 047a C5       		.byte	-59
 1176 047b D1       		.byte	-47
 1177 047c C7       		.byte	-57
 1178 047d 02       		.byte	2
 1179 047e C8       		.byte	-56
 1180 047f 13       		.byte	19
 1181 0480 C9       		.byte	-55
 1182 0481 FF       		.byte	-1
 1183 0482 CA       		.byte	-54
 1184 0483 FF       		.byte	-1
 1185 0484 CB       		.byte	-53
 1186 0485 FF       		.byte	-1
 1187 0486 CD       		.byte	-51
 1188 0487 AF       		.byte	-81
 1189 0488 CE       		.byte	-50
 1190 0489 0F       		.byte	15
 1191 048a CF       		.byte	-49
 1192 048b 04       		.byte	4
 1193 048c D0       		.byte	-48
 1194 048d 18       		.byte	24
 1195 048e D2       		.byte	-46
 1196 048f 80       		.byte	-128
 1197 0490 D4       		.byte	-44
ARM GAS  C:\Users\sinow\AppData\Local\Temp\ccsOx8uu.s 			page 22


 1198 0491 05       		.byte	5
 1199 0492 D8       		.byte	-40
 1200 0493 04       		.byte	4
 1201 0494 D9       		.byte	-39
 1202 0495 04       		.byte	4
 1203 0496 DA       		.byte	-38
 1204 0497 04       		.byte	4
 1205 0498 DB       		.byte	-37
 1206 0499 04       		.byte	4
 1207 049a DC       		.byte	-36
 1208 049b 22       		.byte	34
 1209 049c DD       		.byte	-35
 1210 049d 22       		.byte	34
 1211 049e DF       		.byte	-33
 1212 049f 01       		.byte	1
 1213 04a0 E0       		.byte	-32
 1214 04a1 40       		.byte	64
 1215 04a2 E2       		.byte	-30
 1216 04a3 C0       		.byte	-64
 1217 04a4 E4       		.byte	-28
 1218 04a5 40       		.byte	64
 1219 04a6 E5       		.byte	-27
 1220 04a7 40       		.byte	64
 1221 04a8 E6       		.byte	-26
 1222 04a9 C0       		.byte	-64
 1223 04aa E8       		.byte	-24
 1224 04ab C0       		.byte	-64
 1225 04ac EA       		.byte	-22
 1226 04ad C0       		.byte	-64
 1227 04ae EC       		.byte	-20
 1228 04af C0       		.byte	-64
 1229 04b0 EE       		.byte	-18
 1230 04b1 C0       		.byte	-64
 1231 04b2 09       		.byte	9
 1232 04b3 02       		.byte	2
 1233 04b4 0A       		.byte	10
 1234 04b5 01       		.byte	1
 1235 04b6 10       		.byte	16
 1236 04b7 20       		.byte	32
 1237 04b8 12       		.byte	18
 1238 04b9 04       		.byte	4
 1239 04ba 19       		.byte	25
 1240 04bb 42       		.byte	66
 1241 04bc 1A       		.byte	26
 1242 04bd 05       		.byte	5
 1243 04be 1B       		.byte	27
 1244 04bf 40       		.byte	64
 1245 04c0 21       		.byte	33
 1246 04c1 04       		.byte	4
 1247 04c2 22       		.byte	34
 1248 04c3 40       		.byte	64
 1249 04c4 29       		.byte	41
 1250 04c5 42       		.byte	66
 1251 04c6 30       		.byte	48
 1252 04c7 20       		.byte	32
 1253 04c8 42       		.byte	66
 1254 04c9 01       		.byte	1
ARM GAS  C:\Users\sinow\AppData\Local\Temp\ccsOx8uu.s 			page 23


 1255 04ca 46       		.byte	70
 1256 04cb 04       		.byte	4
 1257 04cc 48       		.byte	72
 1258 04cd 28       		.byte	40
 1259 04ce 49       		.byte	73
 1260 04cf 01       		.byte	1
 1261 04d0 4F       		.byte	79
 1262 04d1 80       		.byte	-128
 1263 04d2 50       		.byte	80
 1264 04d3 08       		.byte	8
 1265 04d4 52       		.byte	82
 1266 04d5 04       		.byte	4
 1267 04d6 59       		.byte	89
 1268 04d7 01       		.byte	1
 1269 04d8 5A       		.byte	90
 1270 04d9 84       		.byte	-124
 1271 04da 71       		.byte	113
 1272 04db 02       		.byte	2
 1273 04dc C2       		.byte	-62
 1274 04dd 09       		.byte	9
 1275 04de C4       		.byte	-60
 1276 04df 06       		.byte	6
 1277 04e0 CA       		.byte	-54
 1278 04e1 09       		.byte	9
 1279 04e2 CC       		.byte	-52
 1280 04e3 04       		.byte	4
 1281 04e4 D0       		.byte	-48
 1282 04e5 28       		.byte	40
 1283 04e6 D2       		.byte	-46
 1284 04e7 14       		.byte	20
 1285 04e8 D6       		.byte	-42
 1286 04e9 0B       		.byte	11
 1287 04ea EC       		.byte	-20
 1288 04eb 10       		.byte	16
 1289 04ec 30       		.byte	48
 1290 04ed 02       		.byte	2
 1291 04ee 33       		.byte	51
 1292 04ef 80       		.byte	-128
 1293 04f0 37       		.byte	55
 1294 04f1 40       		.byte	64
 1295 04f2 84       		.byte	-124
 1296 04f3 02       		.byte	2
 1297 04f4 CC       		.byte	-52
 1298 04f5 70       		.byte	112
 1299 04f6 E2       		.byte	-30
 1300 04f7 10       		.byte	16
 1301 04f8 50       		.byte	80
 1302 04f9 04       		.byte	4
 1303 04fa 5F       		.byte	95
 1304 04fb 10       		.byte	16
 1305 04fc 62       		.byte	98
 1306 04fd 08       		.byte	8
 1307 04fe 9F       		.byte	-97
 1308 04ff 40       		.byte	64
 1309 0500 A7       		.byte	-89
 1310 0501 80       		.byte	-128
 1311 0502 D4       		.byte	-44
ARM GAS  C:\Users\sinow\AppData\Local\Temp\ccsOx8uu.s 			page 24


 1312 0503 20       		.byte	32
 1313 0504 D6       		.byte	-42
 1314 0505 20       		.byte	32
 1315 0506 D8       		.byte	-40
 1316 0507 40       		.byte	64
 1317 0508 8E       		.byte	-114
 1318 0509 08       		.byte	8
 1319 050a 94       		.byte	-108
 1320 050b 08       		.byte	8
 1321 050c 97       		.byte	-105
 1322 050d 10       		.byte	16
 1323 050e 9F       		.byte	-97
 1324 050f 40       		.byte	64
 1325 0510 A6       		.byte	-90
 1326 0511 08       		.byte	8
 1327 0512 A7       		.byte	-89
 1328 0513 80       		.byte	-128
 1329 0514 8F       		.byte	-113
 1330 0515 80       		.byte	-128
 1331 0516 94       		.byte	-108
 1332 0517 08       		.byte	8
 1333 0518 97       		.byte	-105
 1334 0519 10       		.byte	16
 1335 051a A3       		.byte	-93
 1336 051b 08       		.byte	8
 1337 051c A7       		.byte	-89
 1338 051d 80       		.byte	-128
 1339 051e AB       		.byte	-85
 1340 051f 40       		.byte	64
 1341 0520 AF       		.byte	-81
 1342 0521 08       		.byte	8
 1343 0522 EE       		.byte	-18
 1344 0523 C0       		.byte	-64
 1345 0524 7C       		.byte	124
 1346 0525 08       		.byte	8
 1347 0526 DE       		.byte	-34
 1348 0527 01       		.byte	1
 1349 0528 8C       		.byte	-116
 1350 0529 01       		.byte	1
 1351 052a 93       		.byte	-109
 1352 052b 10       		.byte	16
 1353 052c 9C       		.byte	-100
 1354 052d 08       		.byte	8
 1355 052e B3       		.byte	-77
 1356 052f 10       		.byte	16
 1357 0530 E6       		.byte	-26
 1358 0531 08       		.byte	8
 1359 0532 EC       		.byte	-20
 1360 0533 01       		.byte	1
 1361 0534 1A       		.byte	26
 1362 0535 80       		.byte	-128
 1363 0536 45       		.byte	69
 1364 0537 08       		.byte	8
 1365 0538 93       		.byte	-109
 1366 0539 10       		.byte	16
 1367 053a 94       		.byte	-108
 1368 053b 01       		.byte	1
ARM GAS  C:\Users\sinow\AppData\Local\Temp\ccsOx8uu.s 			page 25


 1369 053c 9C       		.byte	-100
 1370 053d 08       		.byte	8
 1371 053e C6       		.byte	-58
 1372 053f 08       		.byte	8
 1373 0540 D0       		.byte	-48
 1374 0541 01       		.byte	1
 1375 0542 00       		.byte	0
 1376 0543 01       		.byte	1
 1377 0544 3B       		.byte	59
 1378 0545 10       		.byte	16
 1379 0546 8F       		.byte	-113
 1380 0547 20       		.byte	32
 1381 0548 93       		.byte	-109
 1382 0549 10       		.byte	16
 1383 054a 94       		.byte	-108
 1384 054b 01       		.byte	1
 1385 054c A5       		.byte	-91
 1386 054d 08       		.byte	8
 1387 054e AA       		.byte	-86
 1388 054f 40       		.byte	64
 1389 0550 B4       		.byte	-76
 1390 0551 08       		.byte	8
 1391 0552 C0       		.byte	-64
 1392 0553 08       		.byte	8
 1393 0554 CE       		.byte	-50
 1394 0555 08       		.byte	8
 1395 0556 E2       		.byte	-30
 1396 0557 02       		.byte	2
 1397 0558 E8       		.byte	-24
 1398 0559 02       		.byte	2
 1399 055a 25       		.byte	37
 1400 055b 10       		.byte	16
 1401 055c 94       		.byte	-108
 1402 055d 08       		.byte	8
 1403 055e 97       		.byte	-105
 1404 055f 10       		.byte	16
 1405 0560 A3       		.byte	-93
 1406 0561 08       		.byte	8
 1407 0562 C8       		.byte	-56
 1408 0563 20       		.byte	32
 1409 0564 7B       		.byte	123
 1410 0565 08       		.byte	8
 1411 0566 8C       		.byte	-116
 1412 0567 04       		.byte	4
 1413 0568 94       		.byte	-108
 1414 0569 08       		.byte	8
 1415 056a A3       		.byte	-93
 1416 056b 08       		.byte	8
 1417 056c AF       		.byte	-81
 1418 056d 10       		.byte	16
 1419 056e B5       		.byte	-75
 1420 056f 10       		.byte	16
 1421 0570 DE       		.byte	-34
 1422 0571 40       		.byte	64
 1423 0572 EA       		.byte	-22
 1424 0573 10       		.byte	16
 1425 0574 1F       		.byte	31
ARM GAS  C:\Users\sinow\AppData\Local\Temp\ccsOx8uu.s 			page 26


 1426 0575 20       		.byte	32
 1427 0576 A5       		.byte	-91
 1428 0577 08       		.byte	8
 1429 0578 A7       		.byte	-89
 1430 0579 20       		.byte	32
 1431 057a C6       		.byte	-58
 1432 057b 01       		.byte	1
 1433 057c B5       		.byte	-75
 1434 057d 08       		.byte	8
 1435 057e EC       		.byte	-20
 1436 057f 08       		.byte	8
 1437 0580 00       		.byte	0
 1438 0581 06       		.byte	6
 1439 0582 08       		.byte	8
 1440 0583 06       		.byte	6
 1441 0584 0A       		.byte	10
 1442 0585 06       		.byte	6
 1443 0586 10       		.byte	16
 1444 0587 04       		.byte	4
 1445 0588 1A       		.byte	26
 1446 0589 04       		.byte	4
 1447 058a 00       		.byte	0
 1448 058b 3F       		.byte	63
 1449 058c 00       		.byte	0
 1450 058d 08       		.byte	8
 1451 058e 00       		.byte	0
 1452 058f 20       		.byte	32
 1453 0590 00       		.byte	0
 1454 0591 00       		.byte	0
 1455 0592 00       		.byte	0
 1456 0593 40       		.byte	64
 1457 0594 00       		.byte	0
 1458 0595 52       		.byte	82
 1459 0596 00       		.byte	0
 1460 0597 2C       		.byte	44
 1461 0598 3A       		.byte	58
 1462 0599 00       		.byte	0
 1463 059a 04       		.byte	4
 1464 059b 40       		.byte	64
 1465 059c 00       		.byte	0
 1466 059d 7C       		.byte	124
 1467 059e 00       		.byte	0
 1468 059f 02       		.byte	2
 1469 05a0 2E       		.byte	46
 1470 05a1 3E       		.byte	62
 1471 05a2 10       		.byte	16
 1472 05a3 40       		.byte	64
 1473 05a4 01       		.byte	1
 1474 05a5 04       		.byte	4
 1475 05a6 00       		.byte	0
 1476 05a7 20       		.byte	32
 1477 05a8 16       		.byte	22
 1478 05a9 02       		.byte	2
 1479 05aa 28       		.byte	40
 1480 05ab 00       		.byte	0
 1481 05ac 00       		.byte	0
 1482 05ad 6E       		.byte	110
ARM GAS  C:\Users\sinow\AppData\Local\Temp\ccsOx8uu.s 			page 27


 1483 05ae 06       		.byte	6
 1484 05af 10       		.byte	16
 1485 05b0 00       		.byte	0
 1486 05b1 00       		.byte	0
 1487 05b2 01       		.byte	1
 1488 05b3 00       		.byte	0
 1489 05b4 20       		.byte	32
 1490 05b5 00       		.byte	0
 1491 05b6 08       		.byte	8
 1492 05b7 01       		.byte	1
 1493 05b8 00       		.byte	0
 1494 05b9 7E       		.byte	126
 1495 05ba 00       		.byte	0
 1496 05bb 00       		.byte	0
 1497 05bc 0C       		.byte	12
 1498 05bd 1E       		.byte	30
 1499 05be 02       		.byte	2
 1500 05bf 60       		.byte	96
 1501 05c0 01       		.byte	1
 1502 05c1 01       		.byte	1
 1503 05c2 30       		.byte	48
 1504 05c3 00       		.byte	0
 1505 05c4 00       		.byte	0
 1506 05c5 00       		.byte	0
 1507 05c6 00       		.byte	0
 1508 05c7 00       		.byte	0
 1509 05c8 00       		.byte	0
 1510 05c9 00       		.byte	0
 1511 05ca 00       		.byte	0
 1512 05cb 00       		.byte	0
 1513 05cc 60       		.byte	96
 1514 05cd 03       		.byte	3
 1515 05ce 00       		.byte	0
 1516 05cf 00       		.byte	0
 1517 05d0 00       		.byte	0
 1518 05d1 D0       		.byte	-48
 1519 05d2 01       		.byte	1
 1520 05d3 02       		.byte	2
 1521 05d4 16       		.byte	22
 1522 05d5 FF       		.byte	-1
 1523 05d6 FF       		.byte	-1
 1524 05d7 FF       		.byte	-1
 1525 05d8 00       		.byte	0
 1526 05d9 AF       		.byte	-81
 1527 05da 0F       		.byte	15
 1528 05db 04       		.byte	4
 1529 05dc 18       		.byte	24
 1530 05dd 00       		.byte	0
 1531 05de 17       		.byte	23
 1532 05df 00       		.byte	0
 1533 05e0 00       		.byte	0
 1534 05e1 00       		.byte	0
 1535 05e2 00       		.byte	0
 1536 05e3 00       		.byte	0
 1537 05e4 04       		.byte	4
 1538 05e5 04       		.byte	4
 1539 05e6 04       		.byte	4
ARM GAS  C:\Users\sinow\AppData\Local\Temp\ccsOx8uu.s 			page 28


 1540 05e7 04       		.byte	4
 1541 05e8 11       		.byte	17
 1542 05e9 12       		.byte	18
 1543 05ea 00       		.byte	0
 1544 05eb 01       		.byte	1
 1545 05ec 40       		.byte	64
 1546 05ed 00       		.byte	0
 1547 05ee C0       		.byte	-64
 1548 05ef 00       		.byte	0
 1549 05f0 40       		.byte	64
 1550 05f1 40       		.byte	64
 1551 05f2 C0       		.byte	-64
 1552 05f3 00       		.byte	0
 1553 05f4 C0       		.byte	-64
 1554 05f5 00       		.byte	0
 1555 05f6 C0       		.byte	-64
 1556 05f7 00       		.byte	0
 1557 05f8 C0       		.byte	-64
 1558 05f9 00       		.byte	0
 1559 05fa C0       		.byte	-64
 1560 05fb 00       		.byte	0
 1561 05fc 00       		.byte	0
 1562 05fd 00       		.byte	0
 1563 05fe 00       		.byte	0
 1564 05ff 00       		.byte	0
 1565 0600 00       		.byte	0
 1566 0601 00       		.byte	0
 1567 0602 00       		.byte	0
 1568 0603 00       		.byte	0
 1569 0604 00       		.byte	0
 1570 0605 00       		.byte	0
 1571 0606 00       		.byte	0
 1572 0607 00       		.byte	0
 1573 0608 00       		.byte	0
 1574 0609 00       		.byte	0
 1575 060a 00       		.byte	0
 1576 060b 00       		.byte	0
 1577 060c 00       		.byte	0
 1578 060d 2A       		.byte	42
 1579 060e 2A       		.byte	42
 1580 060f 00       		.byte	0
 1581 0610 2A       		.byte	42
 1582 0611 00       		.byte	0
 1583 0612 15       		.byte	21
 1584 0613 00       		.byte	0
 1585 0614 00       		.byte	0
 1586 0615 0B       		.byte	11
 1587 0616 0B       		.byte	11
 1588 0617 00       		.byte	0
 1589 0618 00       		.byte	0
 1590 0619 00       		.byte	0
 1591 061a 00       		.byte	0
 1592 061b 00       		.byte	0
 1593 061c 00       		.byte	0
 1594 061d 7F       		.byte	127
 1595 061e 7F       		.byte	127
 1596 061f 00       		.byte	0
ARM GAS  C:\Users\sinow\AppData\Local\Temp\ccsOx8uu.s 			page 29


 1597 0620 00       		.byte	0
 1598 0621 00       		.byte	0
 1599 0622 00       		.byte	0
 1600 0623 00       		.byte	0
 1601 0624 00       		.byte	0
 1602 0625 0F       		.byte	15
 1603 0626 0F       		.byte	15
 1604 0627 00       		.byte	0
 1605 0628 00       		.byte	0
 1606 0629 00       		.byte	0
 1607 062a 00       		.byte	0
 1608 062b 00       		.byte	0
 1609 062c 00       		.byte	0
 1610 062d 00       		.byte	0
 1611 062e 1F       		.byte	31
 1612 062f 00       		.byte	0
 1613 0630 00       		.byte	0
 1614 0631 00       		.byte	0
 1615 0632 00       		.byte	0
 1616 0633 00       		.byte	0
 1617 0634 00       		.byte	0
 1618 0635 00       		.byte	0
 1619 0636 00       		.byte	0
 1620 0637 00       		.byte	0
 1621 0638 00       		.byte	0
 1622 0639 00       		.byte	0
 1623 063a 10       		.byte	16
 1624 063b 00       		.byte	0
 1625 063c 13       		.byte	19
 1626 063d 00       		.byte	0
 1627 063e 18       		.byte	24
 1628 063f 01       		.byte	1
 1629              		.section	.cywolatch,"a",%progbits
 1630              		.align	2
 1631              		.type	cy_meta_wonvl, %object
 1632              		.size	cy_meta_wonvl, 4
 1633              	cy_meta_wonvl:
 1634 0000 BC       		.byte	-68
 1635 0001 90       		.byte	-112
 1636 0002 AC       		.byte	-84
 1637 0003 AF       		.byte	-81
 1638              		.section	.cycustnvl,"a",%progbits
 1639              		.align	2
 1640              		.type	cy_meta_custnvl, %object
 1641              		.size	cy_meta_custnvl, 4
 1642              	cy_meta_custnvl:
 1643 0000 00       		.byte	0
 1644 0001 00       		.byte	0
 1645 0002 40       		.byte	64
 1646 0003 05       		.byte	5
 1647              		.section	.cymeta,"a",%progbits
 1648              		.align	2
 1649              		.type	cy_metadata, %object
 1650              		.size	cy_metadata, 12
 1651              	cy_metadata:
 1652 0000 00       		.byte	0
 1653 0001 01       		.byte	1
ARM GAS  C:\Users\sinow\AppData\Local\Temp\ccsOx8uu.s 			page 30


 1654 0002 2E       		.byte	46
 1655 0003 12       		.byte	18
 1656 0004 30       		.byte	48
 1657 0005 69       		.byte	105
 1658 0006 00       		.byte	0
 1659 0007 01       		.byte	1
 1660 0008 00       		.byte	0
 1661 0009 00       		.byte	0
 1662 000a 00       		.byte	0
 1663 000b 00       		.byte	0
 1664              		.section	.cyflashprotect,"a",%progbits
 1665              		.align	2
 1666              		.type	cy_meta_flashprotect, %object
 1667              		.size	cy_meta_flashprotect, 256
 1668              	cy_meta_flashprotect:
 1669 0000 00000000 		.space	256
 1669      00000000 
 1669      00000000 
 1669      00000000 
 1669      00000000 
 1670              		.text
 1671              	.Letext0:
 1672              		.file 1 "c:\\program files (x86)\\cypress\\psoc creator\\4.2\\psoc creator\\import\\gnu\\arm\\5.4.
 1673              		.file 2 "c:\\program files (x86)\\cypress\\psoc creator\\4.2\\psoc creator\\import\\gnu\\arm\\5.4.
 1674              		.file 3 "Generated_Source\\PSoC5\\cymetadata.c"
 1675              		.section	.debug_info,"",%progbits
 1676              	.Ldebug_info0:
 1677 0000 34010000 		.4byte	0x134
 1678 0004 0400     		.2byte	0x4
 1679 0006 00000000 		.4byte	.Ldebug_abbrev0
 1680 000a 04       		.byte	0x4
 1681 000b 01       		.uleb128 0x1
 1682 000c 24000000 		.4byte	.LASF17
 1683 0010 0C       		.byte	0xc
 1684 0011 CC010000 		.4byte	.LASF18
 1685 0015 7E010000 		.4byte	.LASF19
 1686 0019 00000000 		.4byte	.Ldebug_line0
 1687 001d 02       		.uleb128 0x2
 1688 001e 01       		.byte	0x1
 1689 001f 06       		.byte	0x6
 1690 0020 72010000 		.4byte	.LASF0
 1691 0024 03       		.uleb128 0x3
 1692 0025 00000000 		.4byte	.LASF9
 1693 0029 01       		.byte	0x1
 1694 002a 1D       		.byte	0x1d
 1695 002b 2F000000 		.4byte	0x2f
 1696 002f 02       		.uleb128 0x2
 1697 0030 01       		.byte	0x1
 1698 0031 08       		.byte	0x8
 1699 0032 16000000 		.4byte	.LASF1
 1700 0036 02       		.uleb128 0x2
 1701 0037 02       		.byte	0x2
 1702 0038 05       		.byte	0x5
 1703 0039 5F010000 		.4byte	.LASF2
 1704 003d 02       		.uleb128 0x2
 1705 003e 02       		.byte	0x2
 1706 003f 07       		.byte	0x7
ARM GAS  C:\Users\sinow\AppData\Local\Temp\ccsOx8uu.s 			page 31


 1707 0040 C4000000 		.4byte	.LASF3
 1708 0044 02       		.uleb128 0x2
 1709 0045 04       		.byte	0x4
 1710 0046 05       		.byte	0x5
 1711 0047 69010000 		.4byte	.LASF4
 1712 004b 02       		.uleb128 0x2
 1713 004c 04       		.byte	0x4
 1714 004d 07       		.byte	0x7
 1715 004e B2000000 		.4byte	.LASF5
 1716 0052 02       		.uleb128 0x2
 1717 0053 08       		.byte	0x8
 1718 0054 05       		.byte	0x5
 1719 0055 51010000 		.4byte	.LASF6
 1720 0059 02       		.uleb128 0x2
 1721 005a 08       		.byte	0x8
 1722 005b 07       		.byte	0x7
 1723 005c 06010000 		.4byte	.LASF7
 1724 0060 04       		.uleb128 0x4
 1725 0061 04       		.byte	0x4
 1726 0062 05       		.byte	0x5
 1727 0063 696E7400 		.ascii	"int\000"
 1728 0067 02       		.uleb128 0x2
 1729 0068 04       		.byte	0x4
 1730 0069 07       		.byte	0x7
 1731 006a F9000000 		.4byte	.LASF8
 1732 006e 03       		.uleb128 0x3
 1733 006f 1D010000 		.4byte	.LASF10
 1734 0073 02       		.byte	0x2
 1735 0074 18       		.byte	0x18
 1736 0075 24000000 		.4byte	0x24
 1737 0079 05       		.uleb128 0x5
 1738 007a 91000000 		.4byte	0x91
 1739 007e 8A000000 		.4byte	0x8a
 1740 0082 06       		.uleb128 0x6
 1741 0083 8A000000 		.4byte	0x8a
 1742 0087 3F06     		.2byte	0x63f
 1743 0089 00       		.byte	0
 1744 008a 02       		.uleb128 0x2
 1745 008b 04       		.byte	0x4
 1746 008c 07       		.byte	0x7
 1747 008d 48010000 		.4byte	.LASF11
 1748 0091 07       		.uleb128 0x7
 1749 0092 6E000000 		.4byte	0x6e
 1750 0096 08       		.uleb128 0x8
 1751 0097 E7000000 		.4byte	.LASF12
 1752 009b 03       		.byte	0x3
 1753 009c 1F       		.byte	0x1f
 1754 009d A7000000 		.4byte	0xa7
 1755 00a1 05       		.uleb128 0x5
 1756 00a2 03       		.byte	0x3
 1757 00a3 00000000 		.4byte	cy_meta_configecc
 1758 00a7 07       		.uleb128 0x7
 1759 00a8 79000000 		.4byte	0x79
 1760 00ac 05       		.uleb128 0x5
 1761 00ad 91000000 		.4byte	0x91
 1762 00b1 BC000000 		.4byte	0xbc
 1763 00b5 09       		.uleb128 0x9
ARM GAS  C:\Users\sinow\AppData\Local\Temp\ccsOx8uu.s 			page 32


 1764 00b6 8A000000 		.4byte	0x8a
 1765 00ba 03       		.byte	0x3
 1766 00bb 00       		.byte	0
 1767 00bc 08       		.uleb128 0x8
 1768 00bd D7000000 		.4byte	.LASF13
 1769 00c1 03       		.byte	0x3
 1770 00c2 F4       		.byte	0xf4
 1771 00c3 CD000000 		.4byte	0xcd
 1772 00c7 05       		.uleb128 0x5
 1773 00c8 03       		.byte	0x3
 1774 00c9 00000000 		.4byte	cy_meta_custnvl
 1775 00cd 07       		.uleb128 0x7
 1776 00ce AC000000 		.4byte	0xac
 1777 00d2 0A       		.uleb128 0xa
 1778 00d3 3A010000 		.4byte	.LASF14
 1779 00d7 03       		.byte	0x3
 1780 00d8 0201     		.2byte	0x102
 1781 00da E4000000 		.4byte	0xe4
 1782 00de 05       		.uleb128 0x5
 1783 00df 03       		.byte	0x3
 1784 00e0 00000000 		.4byte	cy_meta_wonvl
 1785 00e4 07       		.uleb128 0x7
 1786 00e5 AC000000 		.4byte	0xac
 1787 00e9 05       		.uleb128 0x5
 1788 00ea 91000000 		.4byte	0x91
 1789 00ee F9000000 		.4byte	0xf9
 1790 00f2 09       		.uleb128 0x9
 1791 00f3 8A000000 		.4byte	0x8a
 1792 00f7 FF       		.byte	0xff
 1793 00f8 00       		.byte	0
 1794 00f9 0A       		.uleb128 0xa
 1795 00fa 25010000 		.4byte	.LASF15
 1796 00fe 03       		.byte	0x3
 1797 00ff 1001     		.2byte	0x110
 1798 0101 0B010000 		.4byte	0x10b
 1799 0105 05       		.uleb128 0x5
 1800 0106 03       		.byte	0x3
 1801 0107 00000000 		.4byte	cy_meta_flashprotect
 1802 010b 07       		.uleb128 0x7
 1803 010c E9000000 		.4byte	0xe9
 1804 0110 05       		.uleb128 0x5
 1805 0111 91000000 		.4byte	0x91
 1806 0115 20010000 		.4byte	0x120
 1807 0119 09       		.uleb128 0x9
 1808 011a 8A000000 		.4byte	0x8a
 1809 011e 0B       		.byte	0xb
 1810 011f 00       		.byte	0
 1811 0120 0A       		.uleb128 0xa
 1812 0121 0A000000 		.4byte	.LASF16
 1813 0125 03       		.byte	0x3
 1814 0126 3D01     		.2byte	0x13d
 1815 0128 32010000 		.4byte	0x132
 1816 012c 05       		.uleb128 0x5
 1817 012d 03       		.byte	0x3
 1818 012e 00000000 		.4byte	cy_metadata
 1819 0132 07       		.uleb128 0x7
 1820 0133 10010000 		.4byte	0x110
ARM GAS  C:\Users\sinow\AppData\Local\Temp\ccsOx8uu.s 			page 33


 1821 0137 00       		.byte	0
 1822              		.section	.debug_abbrev,"",%progbits
 1823              	.Ldebug_abbrev0:
 1824 0000 01       		.uleb128 0x1
 1825 0001 11       		.uleb128 0x11
 1826 0002 01       		.byte	0x1
 1827 0003 25       		.uleb128 0x25
 1828 0004 0E       		.uleb128 0xe
 1829 0005 13       		.uleb128 0x13
 1830 0006 0B       		.uleb128 0xb
 1831 0007 03       		.uleb128 0x3
 1832 0008 0E       		.uleb128 0xe
 1833 0009 1B       		.uleb128 0x1b
 1834 000a 0E       		.uleb128 0xe
 1835 000b 10       		.uleb128 0x10
 1836 000c 17       		.uleb128 0x17
 1837 000d 00       		.byte	0
 1838 000e 00       		.byte	0
 1839 000f 02       		.uleb128 0x2
 1840 0010 24       		.uleb128 0x24
 1841 0011 00       		.byte	0
 1842 0012 0B       		.uleb128 0xb
 1843 0013 0B       		.uleb128 0xb
 1844 0014 3E       		.uleb128 0x3e
 1845 0015 0B       		.uleb128 0xb
 1846 0016 03       		.uleb128 0x3
 1847 0017 0E       		.uleb128 0xe
 1848 0018 00       		.byte	0
 1849 0019 00       		.byte	0
 1850 001a 03       		.uleb128 0x3
 1851 001b 16       		.uleb128 0x16
 1852 001c 00       		.byte	0
 1853 001d 03       		.uleb128 0x3
 1854 001e 0E       		.uleb128 0xe
 1855 001f 3A       		.uleb128 0x3a
 1856 0020 0B       		.uleb128 0xb
 1857 0021 3B       		.uleb128 0x3b
 1858 0022 0B       		.uleb128 0xb
 1859 0023 49       		.uleb128 0x49
 1860 0024 13       		.uleb128 0x13
 1861 0025 00       		.byte	0
 1862 0026 00       		.byte	0
 1863 0027 04       		.uleb128 0x4
 1864 0028 24       		.uleb128 0x24
 1865 0029 00       		.byte	0
 1866 002a 0B       		.uleb128 0xb
 1867 002b 0B       		.uleb128 0xb
 1868 002c 3E       		.uleb128 0x3e
 1869 002d 0B       		.uleb128 0xb
 1870 002e 03       		.uleb128 0x3
 1871 002f 08       		.uleb128 0x8
 1872 0030 00       		.byte	0
 1873 0031 00       		.byte	0
 1874 0032 05       		.uleb128 0x5
 1875 0033 01       		.uleb128 0x1
 1876 0034 01       		.byte	0x1
 1877 0035 49       		.uleb128 0x49
ARM GAS  C:\Users\sinow\AppData\Local\Temp\ccsOx8uu.s 			page 34


 1878 0036 13       		.uleb128 0x13
 1879 0037 01       		.uleb128 0x1
 1880 0038 13       		.uleb128 0x13
 1881 0039 00       		.byte	0
 1882 003a 00       		.byte	0
 1883 003b 06       		.uleb128 0x6
 1884 003c 21       		.uleb128 0x21
 1885 003d 00       		.byte	0
 1886 003e 49       		.uleb128 0x49
 1887 003f 13       		.uleb128 0x13
 1888 0040 2F       		.uleb128 0x2f
 1889 0041 05       		.uleb128 0x5
 1890 0042 00       		.byte	0
 1891 0043 00       		.byte	0
 1892 0044 07       		.uleb128 0x7
 1893 0045 26       		.uleb128 0x26
 1894 0046 00       		.byte	0
 1895 0047 49       		.uleb128 0x49
 1896 0048 13       		.uleb128 0x13
 1897 0049 00       		.byte	0
 1898 004a 00       		.byte	0
 1899 004b 08       		.uleb128 0x8
 1900 004c 34       		.uleb128 0x34
 1901 004d 00       		.byte	0
 1902 004e 03       		.uleb128 0x3
 1903 004f 0E       		.uleb128 0xe
 1904 0050 3A       		.uleb128 0x3a
 1905 0051 0B       		.uleb128 0xb
 1906 0052 3B       		.uleb128 0x3b
 1907 0053 0B       		.uleb128 0xb
 1908 0054 49       		.uleb128 0x49
 1909 0055 13       		.uleb128 0x13
 1910 0056 3F       		.uleb128 0x3f
 1911 0057 19       		.uleb128 0x19
 1912 0058 02       		.uleb128 0x2
 1913 0059 18       		.uleb128 0x18
 1914 005a 00       		.byte	0
 1915 005b 00       		.byte	0
 1916 005c 09       		.uleb128 0x9
 1917 005d 21       		.uleb128 0x21
 1918 005e 00       		.byte	0
 1919 005f 49       		.uleb128 0x49
 1920 0060 13       		.uleb128 0x13
 1921 0061 2F       		.uleb128 0x2f
 1922 0062 0B       		.uleb128 0xb
 1923 0063 00       		.byte	0
 1924 0064 00       		.byte	0
 1925 0065 0A       		.uleb128 0xa
 1926 0066 34       		.uleb128 0x34
 1927 0067 00       		.byte	0
 1928 0068 03       		.uleb128 0x3
 1929 0069 0E       		.uleb128 0xe
 1930 006a 3A       		.uleb128 0x3a
 1931 006b 0B       		.uleb128 0xb
 1932 006c 3B       		.uleb128 0x3b
 1933 006d 05       		.uleb128 0x5
 1934 006e 49       		.uleb128 0x49
ARM GAS  C:\Users\sinow\AppData\Local\Temp\ccsOx8uu.s 			page 35


 1935 006f 13       		.uleb128 0x13
 1936 0070 3F       		.uleb128 0x3f
 1937 0071 19       		.uleb128 0x19
 1938 0072 02       		.uleb128 0x2
 1939 0073 18       		.uleb128 0x18
 1940 0074 00       		.byte	0
 1941 0075 00       		.byte	0
 1942 0076 00       		.byte	0
 1943              		.section	.debug_aranges,"",%progbits
 1944 0000 14000000 		.4byte	0x14
 1945 0004 0200     		.2byte	0x2
 1946 0006 00000000 		.4byte	.Ldebug_info0
 1947 000a 04       		.byte	0x4
 1948 000b 00       		.byte	0
 1949 000c 0000     		.2byte	0
 1950 000e 0000     		.2byte	0
 1951 0010 00000000 		.4byte	0
 1952 0014 00000000 		.4byte	0
 1953              		.section	.debug_line,"",%progbits
 1954              	.Ldebug_line0:
 1955 0000 3D010000 		.section	.debug_str,"MS",%progbits,1
 1955      02003701 
 1955      00000201 
 1955      FB0E0D00 
 1955      01010101 
 1956              	.LASF9:
 1957 0000 5F5F7569 		.ascii	"__uint8_t\000"
 1957      6E74385F 
 1957      7400
 1958              	.LASF16:
 1959 000a 63795F6D 		.ascii	"cy_metadata\000"
 1959      65746164 
 1959      61746100 
 1960              	.LASF1:
 1961 0016 756E7369 		.ascii	"unsigned char\000"
 1961      676E6564 
 1961      20636861 
 1961      7200
 1962              	.LASF17:
 1963 0024 474E5520 		.ascii	"GNU C11 5.4.1 20160609 (release) [ARM/embedded-5-br"
 1963      43313120 
 1963      352E342E 
 1963      31203230 
 1963      31363036 
 1964 0057 616E6368 		.ascii	"anch revision 237715] -mcpu=cortex-m3 -mthumb -g -O"
 1964      20726576 
 1964      6973696F 
 1964      6E203233 
 1964      37373135 
 1965 008a 67202D66 		.ascii	"g -ffunction-sections -ffat-lto-objects\000"
 1965      66756E63 
 1965      74696F6E 
 1965      2D736563 
 1965      74696F6E 
 1966              	.LASF5:
 1967 00b2 6C6F6E67 		.ascii	"long unsigned int\000"
 1967      20756E73 
ARM GAS  C:\Users\sinow\AppData\Local\Temp\ccsOx8uu.s 			page 36


 1967      69676E65 
 1967      6420696E 
 1967      7400
 1968              	.LASF3:
 1969 00c4 73686F72 		.ascii	"short unsigned int\000"
 1969      7420756E 
 1969      7369676E 
 1969      65642069 
 1969      6E7400
 1970              	.LASF13:
 1971 00d7 63795F6D 		.ascii	"cy_meta_custnvl\000"
 1971      6574615F 
 1971      63757374 
 1971      6E766C00 
 1972              	.LASF12:
 1973 00e7 63795F6D 		.ascii	"cy_meta_configecc\000"
 1973      6574615F 
 1973      636F6E66 
 1973      69676563 
 1973      6300
 1974              	.LASF8:
 1975 00f9 756E7369 		.ascii	"unsigned int\000"
 1975      676E6564 
 1975      20696E74 
 1975      00
 1976              	.LASF7:
 1977 0106 6C6F6E67 		.ascii	"long long unsigned int\000"
 1977      206C6F6E 
 1977      6720756E 
 1977      7369676E 
 1977      65642069 
 1978              	.LASF10:
 1979 011d 75696E74 		.ascii	"uint8_t\000"
 1979      385F7400 
 1980              	.LASF15:
 1981 0125 63795F6D 		.ascii	"cy_meta_flashprotect\000"
 1981      6574615F 
 1981      666C6173 
 1981      6870726F 
 1981      74656374 
 1982              	.LASF14:
 1983 013a 63795F6D 		.ascii	"cy_meta_wonvl\000"
 1983      6574615F 
 1983      776F6E76 
 1983      6C00
 1984              	.LASF11:
 1985 0148 73697A65 		.ascii	"sizetype\000"
 1985      74797065 
 1985      00
 1986              	.LASF6:
 1987 0151 6C6F6E67 		.ascii	"long long int\000"
 1987      206C6F6E 
 1987      6720696E 
 1987      7400
 1988              	.LASF2:
 1989 015f 73686F72 		.ascii	"short int\000"
 1989      7420696E 
ARM GAS  C:\Users\sinow\AppData\Local\Temp\ccsOx8uu.s 			page 37


 1989      7400
 1990              	.LASF4:
 1991 0169 6C6F6E67 		.ascii	"long int\000"
 1991      20696E74 
 1991      00
 1992              	.LASF0:
 1993 0172 7369676E 		.ascii	"signed char\000"
 1993      65642063 
 1993      68617200 
 1994              	.LASF19:
 1995 017e 433A5C55 		.ascii	"C:\\Users\\sinow\\Documents\\PSoC Creator\\Lab 5 - "
 1995      73657273 
 1995      5C73696E 
 1995      6F775C44 
 1995      6F63756D 
 1996 01ac 46696E61 		.ascii	"Final Project\\Pot_Control.cydsn\000"
 1996      6C205072 
 1996      6F6A6563 
 1996      745C506F 
 1996      745F436F 
 1997              	.LASF18:
 1998 01cc 47656E65 		.ascii	"Generated_Source\\PSoC5\\cymetadata.c\000"
 1998      72617465 
 1998      645F536F 
 1998      75726365 
 1998      5C50536F 
 1999              		.ident	"GCC: (GNU Tools for ARM Embedded Processors) 5.4.1 20160609 (release) [ARM/embedded-5-bran
