ARM GAS  C:\Users\sinow\AppData\Local\Temp\ccDsIzxp.s 			page 1


   1              		.syntax unified
   2              		.cpu cortex-m3
   3              		.fpu softvfp
   4              		.eabi_attribute 20, 1
   5              		.eabi_attribute 21, 1
   6              		.eabi_attribute 23, 3
   7              		.eabi_attribute 24, 1
   8              		.eabi_attribute 25, 1
   9              		.eabi_attribute 26, 1
  10              		.eabi_attribute 30, 1
  11              		.eabi_attribute 34, 1
  12              		.eabi_attribute 18, 4
  13              		.thumb
  14              		.syntax unified
  15              		.file	"cymetadata.c"
  16              		.text
  17              	.Ltext0:
  18              		.cfi_sections	.debug_frame
  19              		.global	cy_metadata
  20              		.global	cy_meta_flashprotect
  21              		.global	cy_meta_wonvl
  22              		.global	cy_meta_custnvl
  23              		.global	cy_meta_configecc
  24              		.section	.cyconfigecc,"a",%progbits
  25              		.align	2
  26              		.type	cy_meta_configecc, %object
  27              		.size	cy_meta_configecc, 652
  28              	cy_meta_configecc:
  29 0000 02       		.byte	2
  30 0001 52       		.byte	82
  31 0002 00       		.byte	0
  32 0003 40       		.byte	64
  33 0004 03       		.byte	3
  34 0005 64       		.byte	100
  35 0006 00       		.byte	0
  36 0007 40       		.byte	64
  37 0008 3B       		.byte	59
  38 0009 02       		.byte	2
  39 000a 01       		.byte	1
  40 000b 40       		.byte	64
  41 000c 1D       		.byte	29
  42 000d 03       		.byte	3
  43 000e 01       		.byte	1
  44 000f 40       		.byte	64
  45 0010 3C       		.byte	60
  46 0011 04       		.byte	4
  47 0012 01       		.byte	1
  48 0013 40       		.byte	64
  49 0014 1B       		.byte	27
  50 0015 05       		.byte	5
  51 0016 01       		.byte	1
  52 0017 40       		.byte	64
  53 0018 3B       		.byte	59
  54 0019 06       		.byte	6
  55 001a 01       		.byte	1
  56 001b 40       		.byte	64
  57 001c 1E       		.byte	30
ARM GAS  C:\Users\sinow\AppData\Local\Temp\ccDsIzxp.s 			page 2


  58 001d 07       		.byte	7
  59 001e 01       		.byte	1
  60 001f 40       		.byte	64
  61 0020 05       		.byte	5
  62 0021 41       		.byte	65
  63 0022 01       		.byte	1
  64 0023 40       		.byte	64
  65 0024 03       		.byte	3
  66 0025 42       		.byte	66
  67 0026 01       		.byte	1
  68 0027 40       		.byte	64
  69 0028 05       		.byte	5
  70 0029 43       		.byte	67
  71 002a 01       		.byte	1
  72 002b 40       		.byte	64
  73 002c 03       		.byte	3
  74 002d 50       		.byte	80
  75 002e 01       		.byte	1
  76 002f 40       		.byte	64
  77 0030 00       		.byte	0
  78 0031 0A       		.byte	10
  79 0032 01       		.byte	1
  80 0033 28       		.byte	40
  81 0034 83       		.byte	-125
  82 0035 0D       		.byte	13
  83 0036 85       		.byte	-123
  84 0037 0D       		.byte	13
  85 0038 87       		.byte	-121
  86 0039 0D       		.byte	13
  87 003a 40       		.byte	64
  88 003b 60       		.byte	96
  89 003c 41       		.byte	65
  90 003d 05       		.byte	5
  91 003e 49       		.byte	73
  92 003f FF       		.byte	-1
  93 0040 4A       		.byte	74
  94 0041 FF       		.byte	-1
  95 0042 4B       		.byte	75
  96 0043 FF       		.byte	-1
  97 0044 4D       		.byte	77
  98 0045 A0       		.byte	-96
  99 0046 4F       		.byte	79
 100 0047 04       		.byte	4
 101 0048 50       		.byte	80
 102 0049 18       		.byte	24
 103 004a 5A       		.byte	90
 104 004b 04       		.byte	4
 105 004c 5F       		.byte	95
 106 004d 01       		.byte	1
 107 004e 60       		.byte	96
 108 004f 40       		.byte	64
 109 0050 62       		.byte	98
 110 0051 C0       		.byte	-64
 111 0052 64       		.byte	100
 112 0053 40       		.byte	64
 113 0054 65       		.byte	101
 114 0055 40       		.byte	64
ARM GAS  C:\Users\sinow\AppData\Local\Temp\ccDsIzxp.s 			page 3


 115 0056 66       		.byte	102
 116 0057 C0       		.byte	-64
 117 0058 68       		.byte	104
 118 0059 C0       		.byte	-64
 119 005a 6A       		.byte	106
 120 005b C0       		.byte	-64
 121 005c 6C       		.byte	108
 122 005d C0       		.byte	-64
 123 005e 6E       		.byte	110
 124 005f C0       		.byte	-64
 125 0060 8E       		.byte	-114
 126 0061 02       		.byte	2
 127 0062 92       		.byte	-110
 128 0063 01       		.byte	1
 129 0064 9A       		.byte	-102
 130 0065 06       		.byte	6
 131 0066 9B       		.byte	-101
 132 0067 01       		.byte	1
 133 0068 A6       		.byte	-90
 134 0069 0C       		.byte	12
 135 006a AD       		.byte	-83
 136 006b 01       		.byte	1
 137 006c B0       		.byte	-80
 138 006d 04       		.byte	4
 139 006e B2       		.byte	-78
 140 006f 02       		.byte	2
 141 0070 B4       		.byte	-76
 142 0071 01       		.byte	1
 143 0072 B6       		.byte	-74
 144 0073 08       		.byte	8
 145 0074 B7       		.byte	-73
 146 0075 01       		.byte	1
 147 0076 BE       		.byte	-66
 148 0077 04       		.byte	4
 149 0078 C0       		.byte	-64
 150 0079 20       		.byte	32
 151 007a C1       		.byte	-63
 152 007b 05       		.byte	5
 153 007c C5       		.byte	-59
 154 007d D1       		.byte	-47
 155 007e C7       		.byte	-57
 156 007f 20       		.byte	32
 157 0080 C8       		.byte	-56
 158 0081 23       		.byte	35
 159 0082 C9       		.byte	-55
 160 0083 FF       		.byte	-1
 161 0084 CA       		.byte	-54
 162 0085 FF       		.byte	-1
 163 0086 CB       		.byte	-53
 164 0087 FF       		.byte	-1
 165 0088 CD       		.byte	-51
 166 0089 AF       		.byte	-81
 167 008a CE       		.byte	-50
 168 008b 0F       		.byte	15
 169 008c CF       		.byte	-49
 170 008d 04       		.byte	4
 171 008e D0       		.byte	-48
ARM GAS  C:\Users\sinow\AppData\Local\Temp\ccDsIzxp.s 			page 4


 172 008f 18       		.byte	24
 173 0090 D2       		.byte	-46
 174 0091 80       		.byte	-128
 175 0092 D4       		.byte	-44
 176 0093 05       		.byte	5
 177 0094 D8       		.byte	-40
 178 0095 04       		.byte	4
 179 0096 D9       		.byte	-39
 180 0097 04       		.byte	4
 181 0098 DA       		.byte	-38
 182 0099 04       		.byte	4
 183 009a DB       		.byte	-37
 184 009b 04       		.byte	4
 185 009c DF       		.byte	-33
 186 009d 01       		.byte	1
 187 009e E0       		.byte	-32
 188 009f 40       		.byte	64
 189 00a0 E2       		.byte	-30
 190 00a1 C0       		.byte	-64
 191 00a2 E4       		.byte	-28
 192 00a3 40       		.byte	64
 193 00a4 E5       		.byte	-27
 194 00a5 40       		.byte	64
 195 00a6 E6       		.byte	-26
 196 00a7 C0       		.byte	-64
 197 00a8 E8       		.byte	-24
 198 00a9 C0       		.byte	-64
 199 00aa EA       		.byte	-22
 200 00ab C0       		.byte	-64
 201 00ac EC       		.byte	-20
 202 00ad C0       		.byte	-64
 203 00ae EE       		.byte	-18
 204 00af C0       		.byte	-64
 205 00b0 02       		.byte	2
 206 00b1 02       		.byte	2
 207 00b2 09       		.byte	9
 208 00b3 02       		.byte	2
 209 00b4 0A       		.byte	10
 210 00b5 04       		.byte	4
 211 00b6 10       		.byte	16
 212 00b7 20       		.byte	32
 213 00b8 18       		.byte	24
 214 00b9 40       		.byte	64
 215 00ba 19       		.byte	25
 216 00bb 84       		.byte	-124
 217 00bc 1A       		.byte	26
 218 00bd 04       		.byte	4
 219 00be 1B       		.byte	27
 220 00bf 10       		.byte	16
 221 00c0 22       		.byte	34
 222 00c1 40       		.byte	64
 223 00c2 29       		.byte	41
 224 00c3 80       		.byte	-128
 225 00c4 30       		.byte	48
 226 00c5 20       		.byte	32
 227 00c6 42       		.byte	66
 228 00c7 04       		.byte	4
ARM GAS  C:\Users\sinow\AppData\Local\Temp\ccDsIzxp.s 			page 5


 229 00c8 48       		.byte	72
 230 00c9 20       		.byte	32
 231 00ca 49       		.byte	73
 232 00cb 02       		.byte	2
 233 00cc 4A       		.byte	74
 234 00cd 02       		.byte	2
 235 00ce 4E       		.byte	78
 236 00cf 02       		.byte	2
 237 00d0 4F       		.byte	79
 238 00d1 20       		.byte	32
 239 00d2 52       		.byte	82
 240 00d3 02       		.byte	2
 241 00d4 59       		.byte	89
 242 00d5 06       		.byte	6
 243 00d6 5A       		.byte	90
 244 00d7 80       		.byte	-128
 245 00d8 71       		.byte	113
 246 00d9 02       		.byte	2
 247 00da C0       		.byte	-64
 248 00db 01       		.byte	1
 249 00dc C2       		.byte	-62
 250 00dd 0A       		.byte	10
 251 00de C4       		.byte	-60
 252 00df 04       		.byte	4
 253 00e0 CA       		.byte	-54
 254 00e1 08       		.byte	8
 255 00e2 CC       		.byte	-52
 256 00e3 04       		.byte	4
 257 00e4 D0       		.byte	-48
 258 00e5 04       		.byte	4
 259 00e6 D2       		.byte	-46
 260 00e7 38       		.byte	56
 261 00e8 D6       		.byte	-42
 262 00e9 0B       		.byte	11
 263 00ea 40       		.byte	64
 264 00eb 30       		.byte	48
 265 00ec 41       		.byte	65
 266 00ed 02       		.byte	2
 267 00ee 49       		.byte	73
 268 00ef FF       		.byte	-1
 269 00f0 4A       		.byte	74
 270 00f1 FF       		.byte	-1
 271 00f2 4B       		.byte	75
 272 00f3 FF       		.byte	-1
 273 00f4 4D       		.byte	77
 274 00f5 A0       		.byte	-96
 275 00f6 4F       		.byte	79
 276 00f7 04       		.byte	4
 277 00f8 50       		.byte	80
 278 00f9 18       		.byte	24
 279 00fa 5A       		.byte	90
 280 00fb 04       		.byte	4
 281 00fc 5F       		.byte	95
 282 00fd 01       		.byte	1
 283 00fe 60       		.byte	96
 284 00ff 40       		.byte	64
 285 0100 62       		.byte	98
ARM GAS  C:\Users\sinow\AppData\Local\Temp\ccDsIzxp.s 			page 6


 286 0101 C0       		.byte	-64
 287 0102 64       		.byte	100
 288 0103 40       		.byte	64
 289 0104 65       		.byte	101
 290 0105 40       		.byte	64
 291 0106 66       		.byte	102
 292 0107 C0       		.byte	-64
 293 0108 68       		.byte	104
 294 0109 C0       		.byte	-64
 295 010a 6A       		.byte	106
 296 010b C0       		.byte	-64
 297 010c 6C       		.byte	108
 298 010d C0       		.byte	-64
 299 010e 6E       		.byte	110
 300 010f C0       		.byte	-64
 301 0110 83       		.byte	-125
 302 0111 01       		.byte	1
 303 0112 8A       		.byte	-118
 304 0113 06       		.byte	6
 305 0114 96       		.byte	-106
 306 0115 02       		.byte	2
 307 0116 9E       		.byte	-98
 308 0117 0C       		.byte	12
 309 0118 AD       		.byte	-83
 310 0119 01       		.byte	1
 311 011a AE       		.byte	-82
 312 011b 01       		.byte	1
 313 011c B0       		.byte	-80
 314 011d 08       		.byte	8
 315 011e B2       		.byte	-78
 316 011f 01       		.byte	1
 317 0120 B4       		.byte	-76
 318 0121 02       		.byte	2
 319 0122 B6       		.byte	-74
 320 0123 04       		.byte	4
 321 0124 B7       		.byte	-73
 322 0125 01       		.byte	1
 323 0126 BE       		.byte	-66
 324 0127 10       		.byte	16
 325 0128 C0       		.byte	-64
 326 0129 30       		.byte	48
 327 012a C1       		.byte	-63
 328 012b 02       		.byte	2
 329 012c C5       		.byte	-59
 330 012d D0       		.byte	-48
 331 012e C6       		.byte	-58
 332 012f 20       		.byte	32
 333 0130 C7       		.byte	-57
 334 0131 10       		.byte	16
 335 0132 C8       		.byte	-56
 336 0133 2A       		.byte	42
 337 0134 C9       		.byte	-55
 338 0135 FF       		.byte	-1
 339 0136 CA       		.byte	-54
 340 0137 FF       		.byte	-1
 341 0138 CB       		.byte	-53
 342 0139 FF       		.byte	-1
ARM GAS  C:\Users\sinow\AppData\Local\Temp\ccDsIzxp.s 			page 7


 343 013a CD       		.byte	-51
 344 013b AF       		.byte	-81
 345 013c CE       		.byte	-50
 346 013d 0F       		.byte	15
 347 013e CF       		.byte	-49
 348 013f 04       		.byte	4
 349 0140 D0       		.byte	-48
 350 0141 18       		.byte	24
 351 0142 D2       		.byte	-46
 352 0143 80       		.byte	-128
 353 0144 D4       		.byte	-44
 354 0145 05       		.byte	5
 355 0146 D8       		.byte	-40
 356 0147 04       		.byte	4
 357 0148 D9       		.byte	-39
 358 0149 04       		.byte	4
 359 014a DA       		.byte	-38
 360 014b 04       		.byte	4
 361 014c DB       		.byte	-37
 362 014d 04       		.byte	4
 363 014e DF       		.byte	-33
 364 014f 01       		.byte	1
 365 0150 E0       		.byte	-32
 366 0151 40       		.byte	64
 367 0152 E2       		.byte	-30
 368 0153 C0       		.byte	-64
 369 0154 E4       		.byte	-28
 370 0155 40       		.byte	64
 371 0156 E5       		.byte	-27
 372 0157 40       		.byte	64
 373 0158 E6       		.byte	-26
 374 0159 C0       		.byte	-64
 375 015a E8       		.byte	-24
 376 015b C0       		.byte	-64
 377 015c EA       		.byte	-22
 378 015d C0       		.byte	-64
 379 015e EC       		.byte	-20
 380 015f C0       		.byte	-64
 381 0160 EE       		.byte	-18
 382 0161 C0       		.byte	-64
 383 0162 04       		.byte	4
 384 0163 10       		.byte	16
 385 0164 0F       		.byte	15
 386 0165 22       		.byte	34
 387 0166 17       		.byte	23
 388 0167 40       		.byte	64
 389 0168 1C       		.byte	28
 390 0169 12       		.byte	18
 391 016a 1D       		.byte	29
 392 016b 08       		.byte	8
 393 016c 1E       		.byte	30
 394 016d 08       		.byte	8
 395 016e 1F       		.byte	31
 396 016f 02       		.byte	2
 397 0170 26       		.byte	38
 398 0171 40       		.byte	64
 399 0172 2F       		.byte	47
ARM GAS  C:\Users\sinow\AppData\Local\Temp\ccDsIzxp.s 			page 8


 400 0173 02       		.byte	2
 401 0174 3F       		.byte	63
 402 0175 02       		.byte	2
 403 0176 40       		.byte	64
 404 0177 10       		.byte	16
 405 0178 41       		.byte	65
 406 0179 20       		.byte	32
 407 017a 45       		.byte	69
 408 017b 28       		.byte	40
 409 017c 4F       		.byte	79
 410 017d 01       		.byte	1
 411 017e 55       		.byte	85
 412 017f 20       		.byte	32
 413 0180 57       		.byte	87
 414 0181 11       		.byte	17
 415 0182 5E       		.byte	94
 416 0183 88       		.byte	-120
 417 0184 5F       		.byte	95
 418 0185 01       		.byte	1
 419 0186 77       		.byte	119
 420 0187 40       		.byte	64
 421 0188 A8       		.byte	-88
 422 0189 40       		.byte	64
 423 018a C0       		.byte	-64
 424 018b 40       		.byte	64
 425 018c C2       		.byte	-62
 426 018d A0       		.byte	-96
 427 018e C4       		.byte	-60
 428 018f 80       		.byte	-128
 429 0190 CA       		.byte	-54
 430 0191 10       		.byte	16
 431 0192 CE       		.byte	-50
 432 0193 80       		.byte	-128
 433 0194 D0       		.byte	-48
 434 0195 66       		.byte	102
 435 0196 D6       		.byte	-42
 436 0197 D0       		.byte	-48
 437 0198 40       		.byte	64
 438 0199 60       		.byte	96
 439 019a 41       		.byte	65
 440 019b 05       		.byte	5
 441 019c 49       		.byte	73
 442 019d FF       		.byte	-1
 443 019e 4A       		.byte	74
 444 019f FF       		.byte	-1
 445 01a0 4B       		.byte	75
 446 01a1 FF       		.byte	-1
 447 01a2 4D       		.byte	77
 448 01a3 A0       		.byte	-96
 449 01a4 4F       		.byte	79
 450 01a5 04       		.byte	4
 451 01a6 50       		.byte	80
 452 01a7 18       		.byte	24
 453 01a8 5A       		.byte	90
 454 01a9 04       		.byte	4
 455 01aa 5F       		.byte	95
 456 01ab 01       		.byte	1
ARM GAS  C:\Users\sinow\AppData\Local\Temp\ccDsIzxp.s 			page 9


 457 01ac 60       		.byte	96
 458 01ad 40       		.byte	64
 459 01ae 62       		.byte	98
 460 01af C0       		.byte	-64
 461 01b0 64       		.byte	100
 462 01b1 40       		.byte	64
 463 01b2 65       		.byte	101
 464 01b3 40       		.byte	64
 465 01b4 66       		.byte	102
 466 01b5 C0       		.byte	-64
 467 01b6 68       		.byte	104
 468 01b7 C0       		.byte	-64
 469 01b8 6A       		.byte	106
 470 01b9 C0       		.byte	-64
 471 01ba 6C       		.byte	108
 472 01bb C0       		.byte	-64
 473 01bc 6E       		.byte	110
 474 01bd C0       		.byte	-64
 475 01be 8E       		.byte	-114
 476 01bf 02       		.byte	2
 477 01c0 92       		.byte	-110
 478 01c1 01       		.byte	1
 479 01c2 9A       		.byte	-102
 480 01c3 06       		.byte	6
 481 01c4 9B       		.byte	-101
 482 01c5 01       		.byte	1
 483 01c6 A6       		.byte	-90
 484 01c7 0C       		.byte	12
 485 01c8 AD       		.byte	-83
 486 01c9 01       		.byte	1
 487 01ca B0       		.byte	-80
 488 01cb 08       		.byte	8
 489 01cc B2       		.byte	-78
 490 01cd 02       		.byte	2
 491 01ce B4       		.byte	-76
 492 01cf 01       		.byte	1
 493 01d0 B6       		.byte	-74
 494 01d1 04       		.byte	4
 495 01d2 B7       		.byte	-73
 496 01d3 01       		.byte	1
 497 01d4 BE       		.byte	-66
 498 01d5 04       		.byte	4
 499 01d6 C0       		.byte	-64
 500 01d7 20       		.byte	32
 501 01d8 C1       		.byte	-63
 502 01d9 05       		.byte	5
 503 01da C5       		.byte	-59
 504 01db D1       		.byte	-47
 505 01dc C7       		.byte	-57
 506 01dd 20       		.byte	32
 507 01de C8       		.byte	-56
 508 01df 23       		.byte	35
 509 01e0 C9       		.byte	-55
 510 01e1 FF       		.byte	-1
 511 01e2 CA       		.byte	-54
 512 01e3 FF       		.byte	-1
 513 01e4 CB       		.byte	-53
ARM GAS  C:\Users\sinow\AppData\Local\Temp\ccDsIzxp.s 			page 10


 514 01e5 FF       		.byte	-1
 515 01e6 CD       		.byte	-51
 516 01e7 AF       		.byte	-81
 517 01e8 CE       		.byte	-50
 518 01e9 0F       		.byte	15
 519 01ea CF       		.byte	-49
 520 01eb 04       		.byte	4
 521 01ec D0       		.byte	-48
 522 01ed 18       		.byte	24
 523 01ee D2       		.byte	-46
 524 01ef 80       		.byte	-128
 525 01f0 D4       		.byte	-44
 526 01f1 05       		.byte	5
 527 01f2 D8       		.byte	-40
 528 01f3 04       		.byte	4
 529 01f4 D9       		.byte	-39
 530 01f5 04       		.byte	4
 531 01f6 DA       		.byte	-38
 532 01f7 04       		.byte	4
 533 01f8 DB       		.byte	-37
 534 01f9 04       		.byte	4
 535 01fa DF       		.byte	-33
 536 01fb 01       		.byte	1
 537 01fc E0       		.byte	-32
 538 01fd 40       		.byte	64
 539 01fe E2       		.byte	-30
 540 01ff C0       		.byte	-64
 541 0200 E4       		.byte	-28
 542 0201 40       		.byte	64
 543 0202 E5       		.byte	-27
 544 0203 40       		.byte	64
 545 0204 E6       		.byte	-26
 546 0205 C0       		.byte	-64
 547 0206 E8       		.byte	-24
 548 0207 C0       		.byte	-64
 549 0208 EA       		.byte	-22
 550 0209 C0       		.byte	-64
 551 020a EC       		.byte	-20
 552 020b C0       		.byte	-64
 553 020c EE       		.byte	-18
 554 020d C0       		.byte	-64
 555 020e 02       		.byte	2
 556 020f 02       		.byte	2
 557 0210 09       		.byte	9
 558 0211 02       		.byte	2
 559 0212 0A       		.byte	10
 560 0213 04       		.byte	4
 561 0214 10       		.byte	16
 562 0215 20       		.byte	32
 563 0216 19       		.byte	25
 564 0217 04       		.byte	4
 565 0218 1A       		.byte	26
 566 0219 04       		.byte	4
 567 021a 1B       		.byte	27
 568 021b 91       		.byte	-111
 569 021c 22       		.byte	34
 570 021d 40       		.byte	64
ARM GAS  C:\Users\sinow\AppData\Local\Temp\ccDsIzxp.s 			page 11


 571 021e 2B       		.byte	43
 572 021f 01       		.byte	1
 573 0220 30       		.byte	48
 574 0221 20       		.byte	32
 575 0222 42       		.byte	66
 576 0223 04       		.byte	4
 577 0224 48       		.byte	72
 578 0225 20       		.byte	32
 579 0226 49       		.byte	73
 580 0227 01       		.byte	1
 581 0228 4A       		.byte	74
 582 0229 02       		.byte	2
 583 022a 4E       		.byte	78
 584 022b 02       		.byte	2
 585 022c 4F       		.byte	79
 586 022d 20       		.byte	32
 587 022e 52       		.byte	82
 588 022f 02       		.byte	2
 589 0230 59       		.byte	89
 590 0231 05       		.byte	5
 591 0232 5A       		.byte	90
 592 0233 80       		.byte	-128
 593 0234 71       		.byte	113
 594 0235 02       		.byte	2
 595 0236 87       		.byte	-121
 596 0237 80       		.byte	-128
 597 0238 AC       		.byte	-84
 598 0239 01       		.byte	1
 599 023a C0       		.byte	-64
 600 023b 01       		.byte	1
 601 023c C2       		.byte	-62
 602 023d 0A       		.byte	10
 603 023e C4       		.byte	-60
 604 023f 04       		.byte	4
 605 0240 CA       		.byte	-54
 606 0241 08       		.byte	8
 607 0242 CC       		.byte	-52
 608 0243 04       		.byte	4
 609 0244 D0       		.byte	-48
 610 0245 04       		.byte	4
 611 0246 D2       		.byte	-46
 612 0247 38       		.byte	56
 613 0248 D6       		.byte	-42
 614 0249 0B       		.byte	11
 615 024a 57       		.byte	87
 616 024b 21       		.byte	33
 617 024c 63       		.byte	99
 618 024d 08       		.byte	8
 619 024e D4       		.byte	-44
 620 024f 40       		.byte	64
 621 0250 D6       		.byte	-42
 622 0251 20       		.byte	32
 623 0252 D8       		.byte	-40
 624 0253 40       		.byte	64
 625 0254 A7       		.byte	-89
 626 0255 21       		.byte	33
 627 0256 AB       		.byte	-85
ARM GAS  C:\Users\sinow\AppData\Local\Temp\ccDsIzxp.s 			page 12


 628 0257 04       		.byte	4
 629 0258 EE       		.byte	-18
 630 0259 20       		.byte	32
 631 025a 87       		.byte	-121
 632 025b 20       		.byte	32
 633 025c A7       		.byte	-89
 634 025d 20       		.byte	32
 635 025e AF       		.byte	-81
 636 025f 01       		.byte	1
 637 0260 E6       		.byte	-26
 638 0261 10       		.byte	16
 639 0262 EE       		.byte	-18
 640 0263 10       		.byte	16
 641 0264 00       		.byte	0
 642 0265 01       		.byte	1
 643 0266 08       		.byte	8
 644 0267 01       		.byte	1
 645 0268 0A       		.byte	10
 646 0269 01       		.byte	1
 647 026a 00       		.byte	0
 648 026b 00       		.byte	0
 649 026c 00       		.byte	0
 650 026d 2A       		.byte	42
 651 026e 2A       		.byte	42
 652 026f 00       		.byte	0
 653 0270 2A       		.byte	42
 654 0271 00       		.byte	0
 655 0272 00       		.byte	0
 656 0273 00       		.byte	0
 657 0274 00       		.byte	0
 658 0275 0B       		.byte	11
 659 0276 0B       		.byte	11
 660 0277 00       		.byte	0
 661 0278 00       		.byte	0
 662 0279 00       		.byte	0
 663 027a 00       		.byte	0
 664 027b 00       		.byte	0
 665 027c 00       		.byte	0
 666 027d 7F       		.byte	127
 667 027e 7F       		.byte	127
 668 027f 00       		.byte	0
 669 0280 00       		.byte	0
 670 0281 00       		.byte	0
 671 0282 00       		.byte	0
 672 0283 00       		.byte	0
 673 0284 00       		.byte	0
 674 0285 0F       		.byte	15
 675 0286 0F       		.byte	15
 676 0287 00       		.byte	0
 677 0288 00       		.byte	0
 678 0289 00       		.byte	0
 679 028a 00       		.byte	0
 680 028b 00       		.byte	0
 681              		.section	.cywolatch,"a",%progbits
 682              		.align	2
 683              		.type	cy_meta_wonvl, %object
 684              		.size	cy_meta_wonvl, 4
ARM GAS  C:\Users\sinow\AppData\Local\Temp\ccDsIzxp.s 			page 13


 685              	cy_meta_wonvl:
 686 0000 BC       		.byte	-68
 687 0001 90       		.byte	-112
 688 0002 AC       		.byte	-84
 689 0003 AF       		.byte	-81
 690              		.section	.cycustnvl,"a",%progbits
 691              		.align	2
 692              		.type	cy_meta_custnvl, %object
 693              		.size	cy_meta_custnvl, 4
 694              	cy_meta_custnvl:
 695 0000 00       		.byte	0
 696 0001 00       		.byte	0
 697 0002 40       		.byte	64
 698 0003 05       		.byte	5
 699              		.section	.cymeta,"a",%progbits
 700              		.align	2
 701              		.type	cy_metadata, %object
 702              		.size	cy_metadata, 12
 703              	cy_metadata:
 704 0000 00       		.byte	0
 705 0001 01       		.byte	1
 706 0002 2E       		.byte	46
 707 0003 12       		.byte	18
 708 0004 30       		.byte	48
 709 0005 69       		.byte	105
 710 0006 00       		.byte	0
 711 0007 01       		.byte	1
 712 0008 00       		.byte	0
 713 0009 00       		.byte	0
 714 000a 00       		.byte	0
 715 000b 00       		.byte	0
 716              		.section	.cyflashprotect,"a",%progbits
 717              		.align	2
 718              		.type	cy_meta_flashprotect, %object
 719              		.size	cy_meta_flashprotect, 256
 720              	cy_meta_flashprotect:
 721 0000 00000000 		.space	256
 721      00000000 
 721      00000000 
 721      00000000 
 721      00000000 
 722              		.text
 723              	.Letext0:
 724              		.file 1 "c:\\program files (x86)\\cypress\\psoc creator\\4.2\\psoc creator\\import\\gnu\\arm\\5.4.
 725              		.file 2 "c:\\program files (x86)\\cypress\\psoc creator\\4.2\\psoc creator\\import\\gnu\\arm\\5.4.
 726              		.file 3 "Generated_Source\\PSoC5\\cymetadata.c"
 727              		.section	.debug_info,"",%progbits
 728              	.Ldebug_info0:
 729 0000 31010000 		.4byte	0x131
 730 0004 0400     		.2byte	0x4
 731 0006 00000000 		.4byte	.Ldebug_abbrev0
 732 000a 04       		.byte	0x4
 733 000b 01       		.uleb128 0x1
 734 000c 6B000000 		.4byte	.LASF17
 735 0010 0C       		.byte	0xc
 736 0011 C5010000 		.4byte	.LASF18
 737 0015 16000000 		.4byte	.LASF19
ARM GAS  C:\Users\sinow\AppData\Local\Temp\ccDsIzxp.s 			page 14


 738 0019 00000000 		.4byte	.Ldebug_line0
 739 001d 02       		.uleb128 0x2
 740 001e 01       		.byte	0x1
 741 001f 06       		.byte	0x6
 742 0020 B9010000 		.4byte	.LASF0
 743 0024 03       		.uleb128 0x3
 744 0025 00000000 		.4byte	.LASF9
 745 0029 01       		.byte	0x1
 746 002a 1D       		.byte	0x1d
 747 002b 2F000000 		.4byte	0x2f
 748 002f 02       		.uleb128 0x2
 749 0030 01       		.byte	0x1
 750 0031 08       		.byte	0x8
 751 0032 5D000000 		.4byte	.LASF1
 752 0036 02       		.uleb128 0x2
 753 0037 02       		.byte	0x2
 754 0038 05       		.byte	0x5
 755 0039 A6010000 		.4byte	.LASF2
 756 003d 02       		.uleb128 0x2
 757 003e 02       		.byte	0x2
 758 003f 07       		.byte	0x7
 759 0040 0B010000 		.4byte	.LASF3
 760 0044 02       		.uleb128 0x2
 761 0045 04       		.byte	0x4
 762 0046 05       		.byte	0x5
 763 0047 B0010000 		.4byte	.LASF4
 764 004b 02       		.uleb128 0x2
 765 004c 04       		.byte	0x4
 766 004d 07       		.byte	0x7
 767 004e F9000000 		.4byte	.LASF5
 768 0052 02       		.uleb128 0x2
 769 0053 08       		.byte	0x8
 770 0054 05       		.byte	0x5
 771 0055 98010000 		.4byte	.LASF6
 772 0059 02       		.uleb128 0x2
 773 005a 08       		.byte	0x8
 774 005b 07       		.byte	0x7
 775 005c 4D010000 		.4byte	.LASF7
 776 0060 04       		.uleb128 0x4
 777 0061 04       		.byte	0x4
 778 0062 05       		.byte	0x5
 779 0063 696E7400 		.ascii	"int\000"
 780 0067 02       		.uleb128 0x2
 781 0068 04       		.byte	0x4
 782 0069 07       		.byte	0x7
 783 006a 40010000 		.4byte	.LASF8
 784 006e 03       		.uleb128 0x3
 785 006f 64010000 		.4byte	.LASF10
 786 0073 02       		.byte	0x2
 787 0074 18       		.byte	0x18
 788 0075 24000000 		.4byte	0x24
 789 0079 05       		.uleb128 0x5
 790 007a 91000000 		.4byte	0x91
 791 007e 8A000000 		.4byte	0x8a
 792 0082 06       		.uleb128 0x6
 793 0083 8A000000 		.4byte	0x8a
 794 0087 8B02     		.2byte	0x28b
ARM GAS  C:\Users\sinow\AppData\Local\Temp\ccDsIzxp.s 			page 15


 795 0089 00       		.byte	0
 796 008a 02       		.uleb128 0x2
 797 008b 04       		.byte	0x4
 798 008c 07       		.byte	0x7
 799 008d 8F010000 		.4byte	.LASF11
 800 0091 07       		.uleb128 0x7
 801 0092 6E000000 		.4byte	0x6e
 802 0096 08       		.uleb128 0x8
 803 0097 2E010000 		.4byte	.LASF12
 804 009b 03       		.byte	0x3
 805 009c 1F       		.byte	0x1f
 806 009d A7000000 		.4byte	0xa7
 807 00a1 05       		.uleb128 0x5
 808 00a2 03       		.byte	0x3
 809 00a3 00000000 		.4byte	cy_meta_configecc
 810 00a7 07       		.uleb128 0x7
 811 00a8 79000000 		.4byte	0x79
 812 00ac 05       		.uleb128 0x5
 813 00ad 91000000 		.4byte	0x91
 814 00b1 BC000000 		.4byte	0xbc
 815 00b5 09       		.uleb128 0x9
 816 00b6 8A000000 		.4byte	0x8a
 817 00ba 03       		.byte	0x3
 818 00bb 00       		.byte	0
 819 00bc 08       		.uleb128 0x8
 820 00bd 1E010000 		.4byte	.LASF13
 821 00c1 03       		.byte	0x3
 822 00c2 7E       		.byte	0x7e
 823 00c3 CD000000 		.4byte	0xcd
 824 00c7 05       		.uleb128 0x5
 825 00c8 03       		.byte	0x3
 826 00c9 00000000 		.4byte	cy_meta_custnvl
 827 00cd 07       		.uleb128 0x7
 828 00ce AC000000 		.4byte	0xac
 829 00d2 08       		.uleb128 0x8
 830 00d3 81010000 		.4byte	.LASF14
 831 00d7 03       		.byte	0x3
 832 00d8 8C       		.byte	0x8c
 833 00d9 E3000000 		.4byte	0xe3
 834 00dd 05       		.uleb128 0x5
 835 00de 03       		.byte	0x3
 836 00df 00000000 		.4byte	cy_meta_wonvl
 837 00e3 07       		.uleb128 0x7
 838 00e4 AC000000 		.4byte	0xac
 839 00e8 05       		.uleb128 0x5
 840 00e9 91000000 		.4byte	0x91
 841 00ed F8000000 		.4byte	0xf8
 842 00f1 09       		.uleb128 0x9
 843 00f2 8A000000 		.4byte	0x8a
 844 00f6 FF       		.byte	0xff
 845 00f7 00       		.byte	0
 846 00f8 08       		.uleb128 0x8
 847 00f9 6C010000 		.4byte	.LASF15
 848 00fd 03       		.byte	0x3
 849 00fe 9A       		.byte	0x9a
 850 00ff 09010000 		.4byte	0x109
 851 0103 05       		.uleb128 0x5
ARM GAS  C:\Users\sinow\AppData\Local\Temp\ccDsIzxp.s 			page 16


 852 0104 03       		.byte	0x3
 853 0105 00000000 		.4byte	cy_meta_flashprotect
 854 0109 07       		.uleb128 0x7
 855 010a E8000000 		.4byte	0xe8
 856 010e 05       		.uleb128 0x5
 857 010f 91000000 		.4byte	0x91
 858 0113 1E010000 		.4byte	0x11e
 859 0117 09       		.uleb128 0x9
 860 0118 8A000000 		.4byte	0x8a
 861 011c 0B       		.byte	0xb
 862 011d 00       		.byte	0
 863 011e 08       		.uleb128 0x8
 864 011f 0A000000 		.4byte	.LASF16
 865 0123 03       		.byte	0x3
 866 0124 C7       		.byte	0xc7
 867 0125 2F010000 		.4byte	0x12f
 868 0129 05       		.uleb128 0x5
 869 012a 03       		.byte	0x3
 870 012b 00000000 		.4byte	cy_metadata
 871 012f 07       		.uleb128 0x7
 872 0130 0E010000 		.4byte	0x10e
 873 0134 00       		.byte	0
 874              		.section	.debug_abbrev,"",%progbits
 875              	.Ldebug_abbrev0:
 876 0000 01       		.uleb128 0x1
 877 0001 11       		.uleb128 0x11
 878 0002 01       		.byte	0x1
 879 0003 25       		.uleb128 0x25
 880 0004 0E       		.uleb128 0xe
 881 0005 13       		.uleb128 0x13
 882 0006 0B       		.uleb128 0xb
 883 0007 03       		.uleb128 0x3
 884 0008 0E       		.uleb128 0xe
 885 0009 1B       		.uleb128 0x1b
 886 000a 0E       		.uleb128 0xe
 887 000b 10       		.uleb128 0x10
 888 000c 17       		.uleb128 0x17
 889 000d 00       		.byte	0
 890 000e 00       		.byte	0
 891 000f 02       		.uleb128 0x2
 892 0010 24       		.uleb128 0x24
 893 0011 00       		.byte	0
 894 0012 0B       		.uleb128 0xb
 895 0013 0B       		.uleb128 0xb
 896 0014 3E       		.uleb128 0x3e
 897 0015 0B       		.uleb128 0xb
 898 0016 03       		.uleb128 0x3
 899 0017 0E       		.uleb128 0xe
 900 0018 00       		.byte	0
 901 0019 00       		.byte	0
 902 001a 03       		.uleb128 0x3
 903 001b 16       		.uleb128 0x16
 904 001c 00       		.byte	0
 905 001d 03       		.uleb128 0x3
 906 001e 0E       		.uleb128 0xe
 907 001f 3A       		.uleb128 0x3a
 908 0020 0B       		.uleb128 0xb
ARM GAS  C:\Users\sinow\AppData\Local\Temp\ccDsIzxp.s 			page 17


 909 0021 3B       		.uleb128 0x3b
 910 0022 0B       		.uleb128 0xb
 911 0023 49       		.uleb128 0x49
 912 0024 13       		.uleb128 0x13
 913 0025 00       		.byte	0
 914 0026 00       		.byte	0
 915 0027 04       		.uleb128 0x4
 916 0028 24       		.uleb128 0x24
 917 0029 00       		.byte	0
 918 002a 0B       		.uleb128 0xb
 919 002b 0B       		.uleb128 0xb
 920 002c 3E       		.uleb128 0x3e
 921 002d 0B       		.uleb128 0xb
 922 002e 03       		.uleb128 0x3
 923 002f 08       		.uleb128 0x8
 924 0030 00       		.byte	0
 925 0031 00       		.byte	0
 926 0032 05       		.uleb128 0x5
 927 0033 01       		.uleb128 0x1
 928 0034 01       		.byte	0x1
 929 0035 49       		.uleb128 0x49
 930 0036 13       		.uleb128 0x13
 931 0037 01       		.uleb128 0x1
 932 0038 13       		.uleb128 0x13
 933 0039 00       		.byte	0
 934 003a 00       		.byte	0
 935 003b 06       		.uleb128 0x6
 936 003c 21       		.uleb128 0x21
 937 003d 00       		.byte	0
 938 003e 49       		.uleb128 0x49
 939 003f 13       		.uleb128 0x13
 940 0040 2F       		.uleb128 0x2f
 941 0041 05       		.uleb128 0x5
 942 0042 00       		.byte	0
 943 0043 00       		.byte	0
 944 0044 07       		.uleb128 0x7
 945 0045 26       		.uleb128 0x26
 946 0046 00       		.byte	0
 947 0047 49       		.uleb128 0x49
 948 0048 13       		.uleb128 0x13
 949 0049 00       		.byte	0
 950 004a 00       		.byte	0
 951 004b 08       		.uleb128 0x8
 952 004c 34       		.uleb128 0x34
 953 004d 00       		.byte	0
 954 004e 03       		.uleb128 0x3
 955 004f 0E       		.uleb128 0xe
 956 0050 3A       		.uleb128 0x3a
 957 0051 0B       		.uleb128 0xb
 958 0052 3B       		.uleb128 0x3b
 959 0053 0B       		.uleb128 0xb
 960 0054 49       		.uleb128 0x49
 961 0055 13       		.uleb128 0x13
 962 0056 3F       		.uleb128 0x3f
 963 0057 19       		.uleb128 0x19
 964 0058 02       		.uleb128 0x2
 965 0059 18       		.uleb128 0x18
ARM GAS  C:\Users\sinow\AppData\Local\Temp\ccDsIzxp.s 			page 18


 966 005a 00       		.byte	0
 967 005b 00       		.byte	0
 968 005c 09       		.uleb128 0x9
 969 005d 21       		.uleb128 0x21
 970 005e 00       		.byte	0
 971 005f 49       		.uleb128 0x49
 972 0060 13       		.uleb128 0x13
 973 0061 2F       		.uleb128 0x2f
 974 0062 0B       		.uleb128 0xb
 975 0063 00       		.byte	0
 976 0064 00       		.byte	0
 977 0065 00       		.byte	0
 978              		.section	.debug_aranges,"",%progbits
 979 0000 14000000 		.4byte	0x14
 980 0004 0200     		.2byte	0x2
 981 0006 00000000 		.4byte	.Ldebug_info0
 982 000a 04       		.byte	0x4
 983 000b 00       		.byte	0
 984 000c 0000     		.2byte	0
 985 000e 0000     		.2byte	0
 986 0010 00000000 		.4byte	0
 987 0014 00000000 		.4byte	0
 988              		.section	.debug_line,"",%progbits
 989              	.Ldebug_line0:
 990 0000 3D010000 		.section	.debug_str,"MS",%progbits,1
 990      02003701 
 990      00000201 
 990      FB0E0D00 
 990      01010101 
 991              	.LASF9:
 992 0000 5F5F7569 		.ascii	"__uint8_t\000"
 992      6E74385F 
 992      7400
 993              	.LASF16:
 994 000a 63795F6D 		.ascii	"cy_metadata\000"
 994      65746164 
 994      61746100 
 995              	.LASF19:
 996 0016 433A5C55 		.ascii	"C:\\Users\\sinow\\Documents\\PSoC Creator\\Lab 5 - "
 996      73657273 
 996      5C73696E 
 996      6F775C44 
 996      6F63756D 
 997 0044 46696E61 		.ascii	"Final Project\\Demo.cydsn\000"
 997      6C205072 
 997      6F6A6563 
 997      745C4465 
 997      6D6F2E63 
 998              	.LASF1:
 999 005d 756E7369 		.ascii	"unsigned char\000"
 999      676E6564 
 999      20636861 
 999      7200
 1000              	.LASF17:
 1001 006b 474E5520 		.ascii	"GNU C11 5.4.1 20160609 (release) [ARM/embedded-5-br"
 1001      43313120 
 1001      352E342E 
ARM GAS  C:\Users\sinow\AppData\Local\Temp\ccDsIzxp.s 			page 19


 1001      31203230 
 1001      31363036 
 1002 009e 616E6368 		.ascii	"anch revision 237715] -mcpu=cortex-m3 -mthumb -g -O"
 1002      20726576 
 1002      6973696F 
 1002      6E203233 
 1002      37373135 
 1003 00d1 67202D66 		.ascii	"g -ffunction-sections -ffat-lto-objects\000"
 1003      66756E63 
 1003      74696F6E 
 1003      2D736563 
 1003      74696F6E 
 1004              	.LASF5:
 1005 00f9 6C6F6E67 		.ascii	"long unsigned int\000"
 1005      20756E73 
 1005      69676E65 
 1005      6420696E 
 1005      7400
 1006              	.LASF3:
 1007 010b 73686F72 		.ascii	"short unsigned int\000"
 1007      7420756E 
 1007      7369676E 
 1007      65642069 
 1007      6E7400
 1008              	.LASF13:
 1009 011e 63795F6D 		.ascii	"cy_meta_custnvl\000"
 1009      6574615F 
 1009      63757374 
 1009      6E766C00 
 1010              	.LASF12:
 1011 012e 63795F6D 		.ascii	"cy_meta_configecc\000"
 1011      6574615F 
 1011      636F6E66 
 1011      69676563 
 1011      6300
 1012              	.LASF8:
 1013 0140 756E7369 		.ascii	"unsigned int\000"
 1013      676E6564 
 1013      20696E74 
 1013      00
 1014              	.LASF7:
 1015 014d 6C6F6E67 		.ascii	"long long unsigned int\000"
 1015      206C6F6E 
 1015      6720756E 
 1015      7369676E 
 1015      65642069 
 1016              	.LASF10:
 1017 0164 75696E74 		.ascii	"uint8_t\000"
 1017      385F7400 
 1018              	.LASF15:
 1019 016c 63795F6D 		.ascii	"cy_meta_flashprotect\000"
 1019      6574615F 
 1019      666C6173 
 1019      6870726F 
 1019      74656374 
 1020              	.LASF14:
 1021 0181 63795F6D 		.ascii	"cy_meta_wonvl\000"
ARM GAS  C:\Users\sinow\AppData\Local\Temp\ccDsIzxp.s 			page 20


 1021      6574615F 
 1021      776F6E76 
 1021      6C00
 1022              	.LASF11:
 1023 018f 73697A65 		.ascii	"sizetype\000"
 1023      74797065 
 1023      00
 1024              	.LASF6:
 1025 0198 6C6F6E67 		.ascii	"long long int\000"
 1025      206C6F6E 
 1025      6720696E 
 1025      7400
 1026              	.LASF2:
 1027 01a6 73686F72 		.ascii	"short int\000"
 1027      7420696E 
 1027      7400
 1028              	.LASF4:
 1029 01b0 6C6F6E67 		.ascii	"long int\000"
 1029      20696E74 
 1029      00
 1030              	.LASF0:
 1031 01b9 7369676E 		.ascii	"signed char\000"
 1031      65642063 
 1031      68617200 
 1032              	.LASF18:
 1033 01c5 47656E65 		.ascii	"Generated_Source\\PSoC5\\cymetadata.c\000"
 1033      72617465 
 1033      645F536F 
 1033      75726365 
 1033      5C50536F 
 1034              		.ident	"GCC: (GNU Tools for ARM Embedded Processors) 5.4.1 20160609 (release) [ARM/embedded-5-bran
